#
# There is insufficient memory for the Java Runtime Environment to continue.
# Native memory allocation (malloc) failed to allocate 1327376 bytes for Chunk::new
# Possible reasons:
#   The system is out of physical RAM or swap space
#   The process is running with CompressedOops enabled, and the Java Heap may be blocking the growth of the native heap
# Possible solutions:
#   Reduce memory load on the system
#   Increase physical memory or swap space
#   Check if swap backing store is full
#   Decrease Java heap size (-Xmx/-Xms)
#   Decrease number of Java threads
#   Decrease Java thread stack sizes (-Xss)
#   Set larger code cache with -XX:ReservedCodeCacheSize=
#   JVM is running with Unscaled Compressed Oops mode in which the Java heap is
#     placed in the first 4GB address space. The Java Heap base address is the
#     maximum limit for the native heap growth. Please use -XX:HeapBaseMinAddress
#     to set the Java Heap base and to place the Java Heap above 4GB virtual address.
# This output file may be truncated or incomplete.
#
#  Out of Memory Error (./open/src/hotspot/share/memory/arena.cpp:197), pid=36520, tid=38756
#
# JRE version: Java(TM) SE Runtime Environment 18.9 (11.0.18+9) (build 11.0.18+9-LTS-195)
# Java VM: Java HotSpot(TM) 64-Bit Server VM 18.9 (11.0.18+9-LTS-195, mixed mode, tiered, compressed oops, g1 gc, windows-amd64)
# No core dump will be written. Minidumps are not enabled by default on client versions of Windows
#

---------------  S U M M A R Y ------------

Command Line: -Xmx1g org.apache.spark.deploy.SparkSubmit --conf spark.app.name=NetEaseClouder pyspark-shell

Host: 13th Gen Intel(R) Core(TM) i5-13500HX, 20 cores, 15G,  Windows 11 , 64 bit Build 22621 (10.0.22621.1928)
Time: Tue Aug  1 11:34:11 2023  Windows 11 , 64 bit Build 22621 (10.0.22621.1928) elapsed time: 8.969308 seconds (0d 0h 0m 8s)

---------------  T H R E A D  ---------------

Current thread (0x000002dfb5257800):  JavaThread "C2 CompilerThread1" daemon [_thread_in_native, id=38756, stack(0x000000e1f4e00000,0x000000e1f4f00000)]


Current CompileTask:
C2:   8969 2501   !   4       jdk.internal.loader.BuiltinClassLoader::loadClassOrNull (143 bytes)

Stack: [0x000000e1f4e00000,0x000000e1f4f00000]
Native frames: (J=compiled Java code, j=interpreted, Vv=VM code, C=native code)
V  [jvm.dll+0x65d8aa]
V  [jvm.dll+0x79fc1f]
V  [jvm.dll+0x7a12e9]
V  [jvm.dll+0x7a1983]
V  [jvm.dll+0x2585b5]
V  [jvm.dll+0xb284c]
V  [jvm.dll+0xb2e0c]
V  [jvm.dll+0x2c9c42]
V  [jvm.dll+0x56d7dc]
V  [jvm.dll+0x21a251]
V  [jvm.dll+0x213a35]
V  [jvm.dll+0x210264]
V  [jvm.dll+0x18c641]
V  [jvm.dll+0x220609]
V  [jvm.dll+0x21e92c]
V  [jvm.dll+0x763f61]
V  [jvm.dll+0x75c924]
V  [jvm.dll+0x65c755]
C  [ucrtbase.dll+0x29363]
C  [KERNEL32.DLL+0x126ad]
C  [ntdll.dll+0x5aa68]


---------------  P R O C E S S  ---------------

Threads class SMR info:
_java_thread_list=0x000002dfb450f7f0, length=65, elements={
0x000002df95629000, 0x000002dfb27e7800, 0x000002dfb27e8800, 0x000002dfb2855000,
0x000002dfb2856800, 0x000002dfb2857800, 0x000002dfb285a800, 0x000002dfb2862000,
0x000002dfb2891800, 0x000002dfb2981800, 0x000002dfb2cbe000, 0x000002dfb3d75000,
0x000002dfb2cc0800, 0x000002dfb2cbf800, 0x000002dfb2cbe800, 0x000002dfb2cba800,
0x000002dfb2cc1000, 0x000002dfb2cbb800, 0x000002dfb2cbc000, 0x000002dfb2cbd000,
0x000002dfb4351800, 0x000002dfb4351000, 0x000002dfb4355000, 0x000002dfb4352800,
0x000002dfb4356000, 0x000002dfb4354000, 0x000002dfb4350000, 0x000002dfb4356800,
0x000002dfb4357800, 0x000002dfb4359000, 0x000002dfb4353800, 0x000002dfb435e000,
0x000002dfb435d000, 0x000002dfb435c800, 0x000002dfb435a000, 0x000002dfb435a800,
0x000002dfb4358000, 0x000002dfb435b800, 0x000002dfb435f000, 0x000002dfb437f800,
0x000002dfb4380000, 0x000002dfb437a800, 0x000002dfb4381000, 0x000002dfb437b000,
0x000002dfb4382000, 0x000002dfb437c000, 0x000002dfb4382800, 0x000002dfb437d000,
0x000002dfb4383800, 0x000002dfb437d800, 0x000002dfb4384000, 0x000002dfb437e800,
0x000002dfb4386800, 0x000002dfb4389000, 0x000002dfb4385000, 0x000002dfb4386000,
0x000002dfb4387800, 0x000002dfb4388800, 0x000002dfb40d3000, 0x000002dfb40d2000,
0x000002dfb5257800, 0x000002dfb40d0800, 0x000002dfb40d1000, 0x000002dfb40d3800,
0x000002dfb40d7000
}

Java Threads: ( => current thread )
  0x000002df95629000 JavaThread "main" [_thread_in_native, id=18076, stack(0x000000e1f0100000,0x000000e1f0200000)]
  0x000002dfb27e7800 JavaThread "Reference Handler" daemon [_thread_blocked, id=37628, stack(0x000000e1f0800000,0x000000e1f0900000)]
  0x000002dfb27e8800 JavaThread "Finalizer" daemon [_thread_blocked, id=32344, stack(0x000000e1f0900000,0x000000e1f0a00000)]
  0x000002dfb2855000 JavaThread "Signal Dispatcher" daemon [_thread_blocked, id=28996, stack(0x000000e1f0a00000,0x000000e1f0b00000)]
  0x000002dfb2856800 JavaThread "Attach Listener" daemon [_thread_blocked, id=19048, stack(0x000000e1f0b00000,0x000000e1f0c00000)]
  0x000002dfb2857800 JavaThread "Service Thread" daemon [_thread_blocked, id=37472, stack(0x000000e1f0c00000,0x000000e1f0d00000)]
  0x000002dfb285a800 JavaThread "C2 CompilerThread0" daemon [_thread_in_native, id=38264, stack(0x000000e1f0d00000,0x000000e1f0e00000)]
  0x000002dfb2862000 JavaThread "C1 CompilerThread0" daemon [_thread_blocked, id=32852, stack(0x000000e1f0e00000,0x000000e1f0f00000)]
  0x000002dfb2891800 JavaThread "Sweeper thread" daemon [_thread_blocked, id=35160, stack(0x000000e1f0f00000,0x000000e1f1000000)]
  0x000002dfb2981800 JavaThread "C1 CompilerThread1" daemon [_thread_blocked, id=5264, stack(0x000000e1f1000000,0x000000e1f1100000)]
  0x000002dfb2cbe000 JavaThread "Common-Cleaner" daemon [_thread_blocked, id=10988, stack(0x000000e1f1200000,0x000000e1f1300000)]
  0x000002dfb3d75000 JavaThread "C1 CompilerThread2" daemon [_thread_blocked, id=30060, stack(0x000000e1f1400000,0x000000e1f1500000)]
  0x000002dfb2cc0800 JavaThread "pool-2-thread-1" [_thread_blocked, id=35516, stack(0x000000e1f1c00000,0x000000e1f1d00000)]
  0x000002dfb2cbf800 JavaThread "Thread-1" [_thread_in_native, id=38852, stack(0x000000e1f1d00000,0x000000e1f1e00000)]
  0x000002dfb2cbe800 JavaThread "Thread-2" [_thread_in_native, id=35400, stack(0x000000e1f1e00000,0x000000e1f1f00000)]
  0x000002dfb2cba800 JavaThread "rpc-boss-3-1" daemon [_thread_in_native, id=38500, stack(0x000000e1f1f00000,0x000000e1f2000000)]
  0x000002dfb2cc1000 JavaThread "dispatcher-event-loop-0" daemon [_thread_blocked, id=29720, stack(0x000000e1f2200000,0x000000e1f2300000)]
  0x000002dfb2cbb800 JavaThread "dispatcher-event-loop-1" daemon [_thread_blocked, id=8848, stack(0x000000e1f2300000,0x000000e1f2400000)]
  0x000002dfb2cbc000 JavaThread "dispatcher-event-loop-2" daemon [_thread_blocked, id=33956, stack(0x000000e1f2400000,0x000000e1f2500000)]
  0x000002dfb2cbd000 JavaThread "dispatcher-event-loop-3" daemon [_thread_blocked, id=6616, stack(0x000000e1f2500000,0x000000e1f2600000)]
  0x000002dfb4351800 JavaThread "dispatcher-event-loop-4" daemon [_thread_blocked, id=27628, stack(0x000000e1f2600000,0x000000e1f2700000)]
  0x000002dfb4351000 JavaThread "dispatcher-event-loop-5" daemon [_thread_blocked, id=35932, stack(0x000000e1f2700000,0x000000e1f2800000)]
  0x000002dfb4355000 JavaThread "dispatcher-event-loop-6" daemon [_thread_blocked, id=27712, stack(0x000000e1f2800000,0x000000e1f2900000)]
  0x000002dfb4352800 JavaThread "dispatcher-event-loop-7" daemon [_thread_blocked, id=35032, stack(0x000000e1f2900000,0x000000e1f2a00000)]
  0x000002dfb4356000 JavaThread "dispatcher-event-loop-8" daemon [_thread_blocked, id=28572, stack(0x000000e1f2a00000,0x000000e1f2b00000)]
  0x000002dfb4354000 JavaThread "dispatcher-event-loop-9" daemon [_thread_blocked, id=26832, stack(0x000000e1f2b00000,0x000000e1f2c00000)]
  0x000002dfb4350000 JavaThread "dispatcher-event-loop-10" daemon [_thread_blocked, id=30988, stack(0x000000e1f2c00000,0x000000e1f2d00000)]
  0x000002dfb4356800 JavaThread "dispatcher-event-loop-11" daemon [_thread_blocked, id=36448, stack(0x000000e1f2d00000,0x000000e1f2e00000)]
  0x000002dfb4357800 JavaThread "dispatcher-event-loop-12" daemon [_thread_blocked, id=35912, stack(0x000000e1f2e00000,0x000000e1f2f00000)]
  0x000002dfb4359000 JavaThread "dispatcher-event-loop-13" daemon [_thread_blocked, id=21760, stack(0x000000e1f2f00000,0x000000e1f3000000)]
  0x000002dfb4353800 JavaThread "dispatcher-event-loop-14" daemon [_thread_blocked, id=37408, stack(0x000000e1f3000000,0x000000e1f3100000)]
  0x000002dfb435e000 JavaThread "dispatcher-event-loop-15" daemon [_thread_blocked, id=36372, stack(0x000000e1f3100000,0x000000e1f3200000)]
  0x000002dfb435d000 JavaThread "dispatcher-event-loop-16" daemon [_thread_blocked, id=32844, stack(0x000000e1f3200000,0x000000e1f3300000)]
  0x000002dfb435c800 JavaThread "dispatcher-event-loop-17" daemon [_thread_blocked, id=22320, stack(0x000000e1f3300000,0x000000e1f3400000)]
  0x000002dfb435a000 JavaThread "dispatcher-event-loop-18" daemon [_thread_blocked, id=27492, stack(0x000000e1f3400000,0x000000e1f3500000)]
  0x000002dfb435a800 JavaThread "dispatcher-event-loop-19" daemon [_thread_blocked, id=30648, stack(0x000000e1f3500000,0x000000e1f3600000)]
  0x000002dfb4358000 JavaThread "map-output-dispatcher-0" daemon [_thread_blocked, id=36580, stack(0x000000e1f3600000,0x000000e1f3700000)]
  0x000002dfb435b800 JavaThread "map-output-dispatcher-1" daemon [_thread_blocked, id=24040, stack(0x000000e1f3700000,0x000000e1f3800000)]
  0x000002dfb435f000 JavaThread "map-output-dispatcher-2" daemon [_thread_blocked, id=35212, stack(0x000000e1f3800000,0x000000e1f3900000)]
  0x000002dfb437f800 JavaThread "map-output-dispatcher-3" daemon [_thread_blocked, id=35412, stack(0x000000e1f3900000,0x000000e1f3a00000)]
  0x000002dfb4380000 JavaThread "map-output-dispatcher-4" daemon [_thread_blocked, id=37432, stack(0x000000e1f3a00000,0x000000e1f3b00000)]
  0x000002dfb437a800 JavaThread "map-output-dispatcher-5" daemon [_thread_blocked, id=33028, stack(0x000000e1f3b00000,0x000000e1f3c00000)]
  0x000002dfb4381000 JavaThread "map-output-dispatcher-6" daemon [_thread_blocked, id=11536, stack(0x000000e1f3c00000,0x000000e1f3d00000)]
  0x000002dfb437b000 JavaThread "map-output-dispatcher-7" daemon [_thread_blocked, id=28628, stack(0x000000e1f3d00000,0x000000e1f3e00000)]
  0x000002dfb4382000 JavaThread "dispatcher-BlockManagerMaster" daemon [_thread_blocked, id=6728, stack(0x000000e1f3e00000,0x000000e1f3f00000)]
  0x000002dfb437c000 JavaThread "dispatcher-BlockManagerEndpoint1" daemon [_thread_blocked, id=35416, stack(0x000000e1f3f00000,0x000000e1f4000000)]
  0x000002dfb4382800 JavaThread "RemoteBlock-temp-file-clean-thread" daemon [_thread_blocked, id=27840, stack(0x000000e1f4000000,0x000000e1f4100000)]
  0x000002dfb437d000 JavaThread "refresh progress" daemon [_thread_blocked, id=31772, stack(0x000000e1f4100000,0x000000e1f4200000)]
  0x000002dfb4383800 JavaThread "SparkUI-60" daemon [_thread_in_native, id=38736, stack(0x000000e1f4200000,0x000000e1f4300000)]
  0x000002dfb437d800 JavaThread "SparkUI-61" daemon [_thread_in_native, id=38772, stack(0x000000e1f4300000,0x000000e1f4400000)]
  0x000002dfb4384000 JavaThread "SparkUI-62" daemon [_thread_in_native, id=28640, stack(0x000000e1f4400000,0x000000e1f4500000)]
  0x000002dfb437e800 JavaThread "SparkUI-63" daemon [_thread_in_native, id=19784, stack(0x000000e1f4500000,0x000000e1f4600000)]
  0x000002dfb4386800 JavaThread "SparkUI-64" daemon [_thread_in_native, id=25324, stack(0x000000e1f4600000,0x000000e1f4700000)]
  0x000002dfb4389000 JavaThread "SparkUI-65" daemon [_thread_in_native, id=35656, stack(0x000000e1f4700000,0x000000e1f4800000)]
  0x000002dfb4385000 JavaThread "SparkUI-66" daemon [_thread_in_native, id=2940, stack(0x000000e1f4800000,0x000000e1f4900000)]
  0x000002dfb4386000 JavaThread "SparkUI-67" daemon [_thread_in_native, id=25432, stack(0x000000e1f4900000,0x000000e1f4a00000)]
  0x000002dfb4387800 JavaThread "SparkUI-68" daemon [_thread_in_native, id=22716, stack(0x000000e1f4a00000,0x000000e1f4b00000)]
  0x000002dfb4388800 JavaThread "SparkUI-69" daemon [_thread_in_native, id=31824, stack(0x000000e1f4b00000,0x000000e1f4c00000)]
  0x000002dfb40d3000 JavaThread "SparkUI-70-acceptor-0@4861e2e3-Spark@46a6159f{HTTP/1.1, (http/1.1)}{0.0.0.0:4041}" daemon [_thread_blocked, id=35716, stack(0x000000e1f4c00000,0x000000e1f4d00000)]
  0x000002dfb40d2000 JavaThread "SparkUI-71-acceptor-1@4656677f-Spark@46a6159f{HTTP/1.1, (http/1.1)}{0.0.0.0:4041}" daemon [_thread_in_native, id=32244, stack(0x000000e1f4d00000,0x000000e1f4e00000)]
=>0x000002dfb5257800 JavaThread "C2 CompilerThread1" daemon [_thread_in_native, id=38756, stack(0x000000e1f4e00000,0x000000e1f4f00000)]
  0x000002dfb40d0800 JavaThread "heartbeat-receiver-event-loop-thread" daemon [_thread_blocked, id=31536, stack(0x000000e1f4f00000,0x000000e1f5000000)]
  0x000002dfb40d1000 JavaThread "netty-rpc-env-timeout" daemon [_thread_blocked, id=29392, stack(0x000000e1f5000000,0x000000e1f5100000)]
  0x000002dfb40d3800 JavaThread "Timer-0" daemon [_thread_blocked, id=32508, stack(0x000000e1f5100000,0x000000e1f5200000)]
  0x000002dfb40d7000 JavaThread "Timer-1" daemon [_thread_blocked, id=35028, stack(0x000000e1f5200000,0x000000e1f5300000)]

Other Threads:
  0x000002dfb27e6800 VMThread "VM Thread" [stack: 0x000000e1f0700000,0x000000e1f0800000] [id=12952]
  0x000002dfb2a30800 WatcherThread [stack: 0x000000e1f1100000,0x000000e1f1200000] [id=12408]
  0x000002df9563f800 GCTaskThread "GC Thread#0" [stack: 0x000000e1f0200000,0x000000e1f0300000] [id=28360]
  0x000002dfb3937000 GCTaskThread "GC Thread#1" [stack: 0x000000e1f1600000,0x000000e1f1700000] [id=24020]
  0x000002dfb3ba0000 GCTaskThread "GC Thread#2" [stack: 0x000000e1f1700000,0x000000e1f1800000] [id=30556]
  0x000002dfb3fe7000 GCTaskThread "GC Thread#3" [stack: 0x000000e1f1800000,0x000000e1f1900000] [id=35564]
  0x000002dfb2e6f800 GCTaskThread "GC Thread#4" [stack: 0x000000e1f1900000,0x000000e1f1a00000] [id=28984]
  0x000002dfb3d82000 GCTaskThread "GC Thread#5" [stack: 0x000000e1f1a00000,0x000000e1f1b00000] [id=38636]
  0x000002dfb5031000 GCTaskThread "GC Thread#6" [stack: 0x000000e1f2000000,0x000000e1f2100000] [id=34624]
  0x000002dfb2b11000 GCTaskThread "GC Thread#7" [stack: 0x000000e1f2100000,0x000000e1f2200000] [id=28180]
  0x000002df95658800 ConcurrentGCThread "G1 Main Marker" [stack: 0x000000e1f0300000,0x000000e1f0400000] [id=35288]
  0x000002df9565d000 ConcurrentGCThread "G1 Conc#0" [stack: 0x000000e1f0400000,0x000000e1f0500000] [id=26688]
  0x000002dfb3f34800 ConcurrentGCThread "G1 Conc#1" [stack: 0x000000e1f1300000,0x000000e1f1400000] [id=34880]
  0x000002dfb36f6800 ConcurrentGCThread "G1 Conc#2" [stack: 0x000000e1f1500000,0x000000e1f1600000] [id=31648]
  0x000002dfb36f7000 ConcurrentGCThread "G1 Conc#3" [stack: 0x000000e1f1b00000,0x000000e1f1c00000] [id=36368]
  0x000002dfb1e32800 ConcurrentGCThread "G1 Refine#0" [stack: 0x000000e1f0500000,0x000000e1f0600000] [id=30996]
  0x000002dfb1e35800 ConcurrentGCThread "G1 Young RemSet Sampling" [stack: 0x000000e1f0600000,0x000000e1f0700000] [id=37956]

Threads with active compile tasks:
C2 CompilerThread0     8995 2497       4       java.lang.invoke.MethodType::makeImpl (108 bytes)
C2 CompilerThread1     8995 2501   !   4       jdk.internal.loader.BuiltinClassLoader::loadClassOrNull (143 bytes)

VM state:not at safepoint (normal execution)

VM Mutex/Monitor currently owned by a thread: None

Heap address: 0x00000000c0000000, size: 1024 MB, Compressed Oops mode: 32-bit
Narrow klass base: 0x0000000000000000, Narrow klass shift: 3
Compressed class space size: 1073741824 Address: 0x0000000100000000

Heap:
 garbage-first heap   total 258048K, used 49575K [0x00000000c0000000, 0x0000000100000000)
  region size 1024K, 34 young (34816K), 7 survivors (7168K)
 Metaspace       used 38078K, capacity 39229K, committed 39472K, reserved 1083392K
  class space    used 5142K, capacity 5703K, committed 5760K, reserved 1048576K
Heap Regions: E=young(eden), S=young(survivor), O=old, HS=humongous(starts), HC=humongous(continues), CS=collection set, F=free, A=archive, TAMS=top-at-mark-start (previous, next)
|   0|0x00000000c0000000, 0x00000000c0100000, 0x00000000c0100000|100%|HS|  |TAMS 0x00000000c0100000, 0x00000000c0000000| Complete 
|   1|0x00000000c0100000, 0x00000000c0200000, 0x00000000c0200000|100%|HS|  |TAMS 0x00000000c0200000, 0x00000000c0100000| Complete 
|   2|0x00000000c0200000, 0x00000000c0300000, 0x00000000c0300000|100%|HS|  |TAMS 0x00000000c0300000, 0x00000000c0200000| Complete 
|   3|0x00000000c0300000, 0x00000000c0400000, 0x00000000c0400000|100%| O|  |TAMS 0x00000000c0400000, 0x00000000c0300000| Untracked 
|   4|0x00000000c0400000, 0x00000000c0500000, 0x00000000c0500000|100%| O|  |TAMS 0x00000000c0500000, 0x00000000c0400000| Untracked 
|   5|0x00000000c0500000, 0x00000000c0600000, 0x00000000c0600000|100%| O|  |TAMS 0x00000000c0600000, 0x00000000c0500000| Untracked 
|   6|0x00000000c0600000, 0x00000000c0700000, 0x00000000c0700000|100%| O|  |TAMS 0x00000000c0700000, 0x00000000c0600000| Untracked 
|   7|0x00000000c0700000, 0x00000000c0800000, 0x00000000c0800000|100%| O|  |TAMS 0x00000000c0800000, 0x00000000c0700000| Untracked 
|   8|0x00000000c0800000, 0x00000000c0900000, 0x00000000c0900000|100%| O|  |TAMS 0x00000000c0900000, 0x00000000c0800000| Untracked 
|   9|0x00000000c0900000, 0x00000000c0a00000, 0x00000000c0a00000|100%| O|  |TAMS 0x00000000c0a00000, 0x00000000c0900000| Untracked 
|  10|0x00000000c0a00000, 0x00000000c0b00000, 0x00000000c0b00000|100%| O|  |TAMS 0x00000000c0b00000, 0x00000000c0a00000| Untracked 
|  11|0x00000000c0b00000, 0x00000000c0c00000, 0x00000000c0c00000|100%| O|  |TAMS 0x00000000c0c00000, 0x00000000c0b00000| Untracked 
|  12|0x00000000c0c00000, 0x00000000c0d00000, 0x00000000c0d00000|100%| O|  |TAMS 0x00000000c0d00000, 0x00000000c0c00000| Untracked 
|  13|0x00000000c0d00000, 0x00000000c0e00000, 0x00000000c0e00000|100%| O|  |TAMS 0x00000000c0e00000, 0x00000000c0d00000| Untracked 
|  14|0x00000000c0e00000, 0x00000000c0f00000, 0x00000000c0f00000|100%| O|  |TAMS 0x00000000c0f00000, 0x00000000c0e00000| Untracked 
|  15|0x00000000c0f00000, 0x00000000c0f69c00, 0x00000000c1000000| 41%| O|  |TAMS 0x00000000c0f69c00, 0x00000000c0f00000| Untracked 
|  16|0x00000000c1000000, 0x00000000c1000000, 0x00000000c1100000|  0%| F|  |TAMS 0x00000000c1000000, 0x00000000c1000000| Untracked 
|  17|0x00000000c1100000, 0x00000000c1100000, 0x00000000c1200000|  0%| F|  |TAMS 0x00000000c1100000, 0x00000000c1100000| Untracked 
|  18|0x00000000c1200000, 0x00000000c1200000, 0x00000000c1300000|  0%| F|  |TAMS 0x00000000c1200000, 0x00000000c1200000| Untracked 
|  19|0x00000000c1300000, 0x00000000c1300000, 0x00000000c1400000|  0%| F|  |TAMS 0x00000000c1300000, 0x00000000c1300000| Untracked 
|  20|0x00000000c1400000, 0x00000000c1400000, 0x00000000c1500000|  0%| F|  |TAMS 0x00000000c1400000, 0x00000000c1400000| Untracked 
|  21|0x00000000c1500000, 0x00000000c1500000, 0x00000000c1600000|  0%| F|  |TAMS 0x00000000c1500000, 0x00000000c1500000| Untracked 
|  22|0x00000000c1600000, 0x00000000c1600000, 0x00000000c1700000|  0%| F|  |TAMS 0x00000000c1600000, 0x00000000c1600000| Untracked 
|  23|0x00000000c1700000, 0x00000000c1700000, 0x00000000c1800000|  0%| F|  |TAMS 0x00000000c1700000, 0x00000000c1700000| Untracked 
|  24|0x00000000c1800000, 0x00000000c1800000, 0x00000000c1900000|  0%| F|  |TAMS 0x00000000c1800000, 0x00000000c1800000| Untracked 
|  25|0x00000000c1900000, 0x00000000c1900000, 0x00000000c1a00000|  0%| F|  |TAMS 0x00000000c1900000, 0x00000000c1900000| Untracked 
|  26|0x00000000c1a00000, 0x00000000c1a00000, 0x00000000c1b00000|  0%| F|  |TAMS 0x00000000c1a00000, 0x00000000c1a00000| Untracked 
|  27|0x00000000c1b00000, 0x00000000c1b00000, 0x00000000c1c00000|  0%| F|  |TAMS 0x00000000c1b00000, 0x00000000c1b00000| Untracked 
|  28|0x00000000c1c00000, 0x00000000c1c00000, 0x00000000c1d00000|  0%| F|  |TAMS 0x00000000c1c00000, 0x00000000c1c00000| Untracked 
|  29|0x00000000c1d00000, 0x00000000c1d00000, 0x00000000c1e00000|  0%| F|  |TAMS 0x00000000c1d00000, 0x00000000c1d00000| Untracked 
|  30|0x00000000c1e00000, 0x00000000c1e00000, 0x00000000c1f00000|  0%| F|  |TAMS 0x00000000c1e00000, 0x00000000c1e00000| Untracked 
|  31|0x00000000c1f00000, 0x00000000c1f00000, 0x00000000c2000000|  0%| F|  |TAMS 0x00000000c1f00000, 0x00000000c1f00000| Untracked 
|  32|0x00000000c2000000, 0x00000000c2000000, 0x00000000c2100000|  0%| F|  |TAMS 0x00000000c2000000, 0x00000000c2000000| Untracked 
|  33|0x00000000c2100000, 0x00000000c2100000, 0x00000000c2200000|  0%| F|  |TAMS 0x00000000c2100000, 0x00000000c2100000| Untracked 
|  34|0x00000000c2200000, 0x00000000c2200000, 0x00000000c2300000|  0%| F|  |TAMS 0x00000000c2200000, 0x00000000c2200000| Untracked 
|  35|0x00000000c2300000, 0x00000000c2300000, 0x00000000c2400000|  0%| F|  |TAMS 0x00000000c2300000, 0x00000000c2300000| Untracked 
|  36|0x00000000c2400000, 0x00000000c2400000, 0x00000000c2500000|  0%| F|  |TAMS 0x00000000c2400000, 0x00000000c2400000| Untracked 
|  37|0x00000000c2500000, 0x00000000c2500000, 0x00000000c2600000|  0%| F|  |TAMS 0x00000000c2500000, 0x00000000c2500000| Untracked 
|  38|0x00000000c2600000, 0x00000000c2600000, 0x00000000c2700000|  0%| F|  |TAMS 0x00000000c2600000, 0x00000000c2600000| Untracked 
|  39|0x00000000c2700000, 0x00000000c2700000, 0x00000000c2800000|  0%| F|  |TAMS 0x00000000c2700000, 0x00000000c2700000| Untracked 
|  40|0x00000000c2800000, 0x00000000c2800000, 0x00000000c2900000|  0%| F|  |TAMS 0x00000000c2800000, 0x00000000c2800000| Untracked 
|  41|0x00000000c2900000, 0x00000000c2900000, 0x00000000c2a00000|  0%| F|  |TAMS 0x00000000c2900000, 0x00000000c2900000| Untracked 
|  42|0x00000000c2a00000, 0x00000000c2a00000, 0x00000000c2b00000|  0%| F|  |TAMS 0x00000000c2a00000, 0x00000000c2a00000| Untracked 
|  43|0x00000000c2b00000, 0x00000000c2b00000, 0x00000000c2c00000|  0%| F|  |TAMS 0x00000000c2b00000, 0x00000000c2b00000| Untracked 
|  44|0x00000000c2c00000, 0x00000000c2c00000, 0x00000000c2d00000|  0%| F|  |TAMS 0x00000000c2c00000, 0x00000000c2c00000| Untracked 
|  45|0x00000000c2d00000, 0x00000000c2d00000, 0x00000000c2e00000|  0%| F|  |TAMS 0x00000000c2d00000, 0x00000000c2d00000| Untracked 
|  46|0x00000000c2e00000, 0x00000000c2e00000, 0x00000000c2f00000|  0%| F|  |TAMS 0x00000000c2e00000, 0x00000000c2e00000| Untracked 
|  47|0x00000000c2f00000, 0x00000000c2f00000, 0x00000000c3000000|  0%| F|  |TAMS 0x00000000c2f00000, 0x00000000c2f00000| Untracked 
|  48|0x00000000c3000000, 0x00000000c3000000, 0x00000000c3100000|  0%| F|  |TAMS 0x00000000c3000000, 0x00000000c3000000| Untracked 
|  49|0x00000000c3100000, 0x00000000c3100000, 0x00000000c3200000|  0%| F|  |TAMS 0x00000000c3100000, 0x00000000c3100000| Untracked 
|  50|0x00000000c3200000, 0x00000000c3200000, 0x00000000c3300000|  0%| F|  |TAMS 0x00000000c3200000, 0x00000000c3200000| Untracked 
|  51|0x00000000c3300000, 0x00000000c3300000, 0x00000000c3400000|  0%| F|  |TAMS 0x00000000c3300000, 0x00000000c3300000| Untracked 
|  52|0x00000000c3400000, 0x00000000c3400000, 0x00000000c3500000|  0%| F|  |TAMS 0x00000000c3400000, 0x00000000c3400000| Untracked 
|  53|0x00000000c3500000, 0x00000000c3500000, 0x00000000c3600000|  0%| F|  |TAMS 0x00000000c3500000, 0x00000000c3500000| Untracked 
|  54|0x00000000c3600000, 0x00000000c3600000, 0x00000000c3700000|  0%| F|  |TAMS 0x00000000c3600000, 0x00000000c3600000| Untracked 
|  55|0x00000000c3700000, 0x00000000c3700000, 0x00000000c3800000|  0%| F|  |TAMS 0x00000000c3700000, 0x00000000c3700000| Untracked 
|  56|0x00000000c3800000, 0x00000000c3800000, 0x00000000c3900000|  0%| F|  |TAMS 0x00000000c3800000, 0x00000000c3800000| Untracked 
|  57|0x00000000c3900000, 0x00000000c3900000, 0x00000000c3a00000|  0%| F|  |TAMS 0x00000000c3900000, 0x00000000c3900000| Untracked 
|  58|0x00000000c3a00000, 0x00000000c3a00000, 0x00000000c3b00000|  0%| F|  |TAMS 0x00000000c3a00000, 0x00000000c3a00000| Untracked 
|  59|0x00000000c3b00000, 0x00000000c3b00000, 0x00000000c3c00000|  0%| F|  |TAMS 0x00000000c3b00000, 0x00000000c3b00000| Untracked 
|  60|0x00000000c3c00000, 0x00000000c3c00000, 0x00000000c3d00000|  0%| F|  |TAMS 0x00000000c3c00000, 0x00000000c3c00000| Untracked 
|  61|0x00000000c3d00000, 0x00000000c3d00000, 0x00000000c3e00000|  0%| F|  |TAMS 0x00000000c3d00000, 0x00000000c3d00000| Untracked 
|  62|0x00000000c3e00000, 0x00000000c3e00000, 0x00000000c3f00000|  0%| F|  |TAMS 0x00000000c3e00000, 0x00000000c3e00000| Untracked 
|  63|0x00000000c3f00000, 0x00000000c3f00000, 0x00000000c4000000|  0%| F|  |TAMS 0x00000000c3f00000, 0x00000000c3f00000| Untracked 
|  64|0x00000000c4000000, 0x00000000c4000000, 0x00000000c4100000|  0%| F|  |TAMS 0x00000000c4000000, 0x00000000c4000000| Untracked 
|  65|0x00000000c4100000, 0x00000000c4100000, 0x00000000c4200000|  0%| F|  |TAMS 0x00000000c4100000, 0x00000000c4100000| Untracked 
|  66|0x00000000c4200000, 0x00000000c4200000, 0x00000000c4300000|  0%| F|  |TAMS 0x00000000c4200000, 0x00000000c4200000| Untracked 
|  67|0x00000000c4300000, 0x00000000c4300000, 0x00000000c4400000|  0%| F|  |TAMS 0x00000000c4300000, 0x00000000c4300000| Untracked 
|  68|0x00000000c4400000, 0x00000000c4400000, 0x00000000c4500000|  0%| F|  |TAMS 0x00000000c4400000, 0x00000000c4400000| Untracked 
|  69|0x00000000c4500000, 0x00000000c4500000, 0x00000000c4600000|  0%| F|  |TAMS 0x00000000c4500000, 0x00000000c4500000| Untracked 
|  70|0x00000000c4600000, 0x00000000c4600000, 0x00000000c4700000|  0%| F|  |TAMS 0x00000000c4600000, 0x00000000c4600000| Untracked 
|  71|0x00000000c4700000, 0x00000000c4700000, 0x00000000c4800000|  0%| F|  |TAMS 0x00000000c4700000, 0x00000000c4700000| Untracked 
|  72|0x00000000c4800000, 0x00000000c4800000, 0x00000000c4900000|  0%| F|  |TAMS 0x00000000c4800000, 0x00000000c4800000| Untracked 
|  73|0x00000000c4900000, 0x00000000c4900000, 0x00000000c4a00000|  0%| F|  |TAMS 0x00000000c4900000, 0x00000000c4900000| Untracked 
|  74|0x00000000c4a00000, 0x00000000c4a00000, 0x00000000c4b00000|  0%| F|  |TAMS 0x00000000c4a00000, 0x00000000c4a00000| Untracked 
|  75|0x00000000c4b00000, 0x00000000c4b00000, 0x00000000c4c00000|  0%| F|  |TAMS 0x00000000c4b00000, 0x00000000c4b00000| Untracked 
|  76|0x00000000c4c00000, 0x00000000c4c00000, 0x00000000c4d00000|  0%| F|  |TAMS 0x00000000c4c00000, 0x00000000c4c00000| Untracked 
|  77|0x00000000c4d00000, 0x00000000c4d00000, 0x00000000c4e00000|  0%| F|  |TAMS 0x00000000c4d00000, 0x00000000c4d00000| Untracked 
|  78|0x00000000c4e00000, 0x00000000c4e00000, 0x00000000c4f00000|  0%| F|  |TAMS 0x00000000c4e00000, 0x00000000c4e00000| Untracked 
|  79|0x00000000c4f00000, 0x00000000c4f00000, 0x00000000c5000000|  0%| F|  |TAMS 0x00000000c4f00000, 0x00000000c4f00000| Untracked 
|  80|0x00000000c5000000, 0x00000000c5000000, 0x00000000c5100000|  0%| F|  |TAMS 0x00000000c5000000, 0x00000000c5000000| Untracked 
|  81|0x00000000c5100000, 0x00000000c5100000, 0x00000000c5200000|  0%| F|  |TAMS 0x00000000c5100000, 0x00000000c5100000| Untracked 
|  82|0x00000000c5200000, 0x00000000c5200000, 0x00000000c5300000|  0%| F|  |TAMS 0x00000000c5200000, 0x00000000c5200000| Untracked 
|  83|0x00000000c5300000, 0x00000000c5300000, 0x00000000c5400000|  0%| F|  |TAMS 0x00000000c5300000, 0x00000000c5300000| Untracked 
|  84|0x00000000c5400000, 0x00000000c5400000, 0x00000000c5500000|  0%| F|  |TAMS 0x00000000c5400000, 0x00000000c5400000| Untracked 
|  85|0x00000000c5500000, 0x00000000c5500000, 0x00000000c5600000|  0%| F|  |TAMS 0x00000000c5500000, 0x00000000c5500000| Untracked 
|  86|0x00000000c5600000, 0x00000000c5600000, 0x00000000c5700000|  0%| F|  |TAMS 0x00000000c5600000, 0x00000000c5600000| Untracked 
|  87|0x00000000c5700000, 0x00000000c5700000, 0x00000000c5800000|  0%| F|  |TAMS 0x00000000c5700000, 0x00000000c5700000| Untracked 
|  88|0x00000000c5800000, 0x00000000c5800000, 0x00000000c5900000|  0%| F|  |TAMS 0x00000000c5800000, 0x00000000c5800000| Untracked 
|  89|0x00000000c5900000, 0x00000000c5900000, 0x00000000c5a00000|  0%| F|  |TAMS 0x00000000c5900000, 0x00000000c5900000| Untracked 
|  90|0x00000000c5a00000, 0x00000000c5a00000, 0x00000000c5b00000|  0%| F|  |TAMS 0x00000000c5a00000, 0x00000000c5a00000| Untracked 
|  91|0x00000000c5b00000, 0x00000000c5b00000, 0x00000000c5c00000|  0%| F|  |TAMS 0x00000000c5b00000, 0x00000000c5b00000| Untracked 
|  92|0x00000000c5c00000, 0x00000000c5c00000, 0x00000000c5d00000|  0%| F|  |TAMS 0x00000000c5c00000, 0x00000000c5c00000| Untracked 
|  93|0x00000000c5d00000, 0x00000000c5d00000, 0x00000000c5e00000|  0%| F|  |TAMS 0x00000000c5d00000, 0x00000000c5d00000| Untracked 
|  94|0x00000000c5e00000, 0x00000000c5e00000, 0x00000000c5f00000|  0%| F|  |TAMS 0x00000000c5e00000, 0x00000000c5e00000| Untracked 
|  95|0x00000000c5f00000, 0x00000000c5f00000, 0x00000000c6000000|  0%| F|  |TAMS 0x00000000c5f00000, 0x00000000c5f00000| Untracked 
|  96|0x00000000c6000000, 0x00000000c6000000, 0x00000000c6100000|  0%| F|  |TAMS 0x00000000c6000000, 0x00000000c6000000| Untracked 
|  97|0x00000000c6100000, 0x00000000c6100000, 0x00000000c6200000|  0%| F|  |TAMS 0x00000000c6100000, 0x00000000c6100000| Untracked 
|  98|0x00000000c6200000, 0x00000000c6200000, 0x00000000c6300000|  0%| F|  |TAMS 0x00000000c6200000, 0x00000000c6200000| Untracked 
|  99|0x00000000c6300000, 0x00000000c6300000, 0x00000000c6400000|  0%| F|  |TAMS 0x00000000c6300000, 0x00000000c6300000| Untracked 
| 100|0x00000000c6400000, 0x00000000c6400000, 0x00000000c6500000|  0%| F|  |TAMS 0x00000000c6400000, 0x00000000c6400000| Untracked 
| 101|0x00000000c6500000, 0x00000000c6500000, 0x00000000c6600000|  0%| F|  |TAMS 0x00000000c6500000, 0x00000000c6500000| Untracked 
| 102|0x00000000c6600000, 0x00000000c6600000, 0x00000000c6700000|  0%| F|  |TAMS 0x00000000c6600000, 0x00000000c6600000| Untracked 
| 103|0x00000000c6700000, 0x00000000c6700000, 0x00000000c6800000|  0%| F|  |TAMS 0x00000000c6700000, 0x00000000c6700000| Untracked 
| 104|0x00000000c6800000, 0x00000000c6800000, 0x00000000c6900000|  0%| F|  |TAMS 0x00000000c6800000, 0x00000000c6800000| Untracked 
| 105|0x00000000c6900000, 0x00000000c6900000, 0x00000000c6a00000|  0%| F|  |TAMS 0x00000000c6900000, 0x00000000c6900000| Untracked 
| 106|0x00000000c6a00000, 0x00000000c6a00000, 0x00000000c6b00000|  0%| F|  |TAMS 0x00000000c6a00000, 0x00000000c6a00000| Untracked 
| 107|0x00000000c6b00000, 0x00000000c6b00000, 0x00000000c6c00000|  0%| F|  |TAMS 0x00000000c6b00000, 0x00000000c6b00000| Untracked 
| 108|0x00000000c6c00000, 0x00000000c6c00000, 0x00000000c6d00000|  0%| F|  |TAMS 0x00000000c6c00000, 0x00000000c6c00000| Untracked 
| 109|0x00000000c6d00000, 0x00000000c6d00000, 0x00000000c6e00000|  0%| F|  |TAMS 0x00000000c6d00000, 0x00000000c6d00000| Untracked 
| 110|0x00000000c6e00000, 0x00000000c6e00000, 0x00000000c6f00000|  0%| F|  |TAMS 0x00000000c6e00000, 0x00000000c6e00000| Untracked 
| 111|0x00000000c6f00000, 0x00000000c6f00000, 0x00000000c7000000|  0%| F|  |TAMS 0x00000000c6f00000, 0x00000000c6f00000| Untracked 
| 112|0x00000000c7000000, 0x00000000c7000000, 0x00000000c7100000|  0%| F|  |TAMS 0x00000000c7000000, 0x00000000c7000000| Untracked 
| 113|0x00000000c7100000, 0x00000000c7100000, 0x00000000c7200000|  0%| F|  |TAMS 0x00000000c7100000, 0x00000000c7100000| Untracked 
| 114|0x00000000c7200000, 0x00000000c7200000, 0x00000000c7300000|  0%| F|  |TAMS 0x00000000c7200000, 0x00000000c7200000| Untracked 
| 115|0x00000000c7300000, 0x00000000c7300000, 0x00000000c7400000|  0%| F|  |TAMS 0x00000000c7300000, 0x00000000c7300000| Untracked 
| 116|0x00000000c7400000, 0x00000000c7400000, 0x00000000c7500000|  0%| F|  |TAMS 0x00000000c7400000, 0x00000000c7400000| Untracked 
| 117|0x00000000c7500000, 0x00000000c7500000, 0x00000000c7600000|  0%| F|  |TAMS 0x00000000c7500000, 0x00000000c7500000| Untracked 
| 118|0x00000000c7600000, 0x00000000c7600000, 0x00000000c7700000|  0%| F|  |TAMS 0x00000000c7600000, 0x00000000c7600000| Untracked 
| 119|0x00000000c7700000, 0x00000000c7700000, 0x00000000c7800000|  0%| F|  |TAMS 0x00000000c7700000, 0x00000000c7700000| Untracked 
| 120|0x00000000c7800000, 0x00000000c7800000, 0x00000000c7900000|  0%| F|  |TAMS 0x00000000c7800000, 0x00000000c7800000| Untracked 
| 121|0x00000000c7900000, 0x00000000c7900000, 0x00000000c7a00000|  0%| F|  |TAMS 0x00000000c7900000, 0x00000000c7900000| Untracked 
| 122|0x00000000c7a00000, 0x00000000c7a00000, 0x00000000c7b00000|  0%| F|  |TAMS 0x00000000c7a00000, 0x00000000c7a00000| Untracked 
| 123|0x00000000c7b00000, 0x00000000c7b00000, 0x00000000c7c00000|  0%| F|  |TAMS 0x00000000c7b00000, 0x00000000c7b00000| Untracked 
| 124|0x00000000c7c00000, 0x00000000c7c00000, 0x00000000c7d00000|  0%| F|  |TAMS 0x00000000c7c00000, 0x00000000c7c00000| Untracked 
| 125|0x00000000c7d00000, 0x00000000c7d00000, 0x00000000c7e00000|  0%| F|  |TAMS 0x00000000c7d00000, 0x00000000c7d00000| Untracked 
| 126|0x00000000c7e00000, 0x00000000c7e00000, 0x00000000c7f00000|  0%| F|  |TAMS 0x00000000c7e00000, 0x00000000c7e00000| Untracked 
| 127|0x00000000c7f00000, 0x00000000c7f00000, 0x00000000c8000000|  0%| F|  |TAMS 0x00000000c7f00000, 0x00000000c7f00000| Untracked 
| 128|0x00000000c8000000, 0x00000000c8000000, 0x00000000c8100000|  0%| F|  |TAMS 0x00000000c8000000, 0x00000000c8000000| Untracked 
| 129|0x00000000c8100000, 0x00000000c8100000, 0x00000000c8200000|  0%| F|  |TAMS 0x00000000c8100000, 0x00000000c8100000| Untracked 
| 130|0x00000000c8200000, 0x00000000c8200000, 0x00000000c8300000|  0%| F|  |TAMS 0x00000000c8200000, 0x00000000c8200000| Untracked 
| 131|0x00000000c8300000, 0x00000000c8300000, 0x00000000c8400000|  0%| F|  |TAMS 0x00000000c8300000, 0x00000000c8300000| Untracked 
| 132|0x00000000c8400000, 0x00000000c8400000, 0x00000000c8500000|  0%| F|  |TAMS 0x00000000c8400000, 0x00000000c8400000| Untracked 
| 133|0x00000000c8500000, 0x00000000c8500000, 0x00000000c8600000|  0%| F|  |TAMS 0x00000000c8500000, 0x00000000c8500000| Untracked 
| 134|0x00000000c8600000, 0x00000000c8600000, 0x00000000c8700000|  0%| F|  |TAMS 0x00000000c8600000, 0x00000000c8600000| Untracked 
| 135|0x00000000c8700000, 0x00000000c8700000, 0x00000000c8800000|  0%| F|  |TAMS 0x00000000c8700000, 0x00000000c8700000| Untracked 
| 136|0x00000000c8800000, 0x00000000c8800000, 0x00000000c8900000|  0%| F|  |TAMS 0x00000000c8800000, 0x00000000c8800000| Untracked 
| 137|0x00000000c8900000, 0x00000000c8900000, 0x00000000c8a00000|  0%| F|  |TAMS 0x00000000c8900000, 0x00000000c8900000| Untracked 
| 138|0x00000000c8a00000, 0x00000000c8a00000, 0x00000000c8b00000|  0%| F|  |TAMS 0x00000000c8a00000, 0x00000000c8a00000| Untracked 
| 139|0x00000000c8b00000, 0x00000000c8b00000, 0x00000000c8c00000|  0%| F|  |TAMS 0x00000000c8b00000, 0x00000000c8b00000| Untracked 
| 140|0x00000000c8c00000, 0x00000000c8c00000, 0x00000000c8d00000|  0%| F|  |TAMS 0x00000000c8c00000, 0x00000000c8c00000| Untracked 
| 141|0x00000000c8d00000, 0x00000000c8d00000, 0x00000000c8e00000|  0%| F|  |TAMS 0x00000000c8d00000, 0x00000000c8d00000| Untracked 
| 142|0x00000000c8e00000, 0x00000000c8e00000, 0x00000000c8f00000|  0%| F|  |TAMS 0x00000000c8e00000, 0x00000000c8e00000| Untracked 
| 143|0x00000000c8f00000, 0x00000000c8f00000, 0x00000000c9000000|  0%| F|  |TAMS 0x00000000c8f00000, 0x00000000c8f00000| Untracked 
| 144|0x00000000c9000000, 0x00000000c9000000, 0x00000000c9100000|  0%| F|  |TAMS 0x00000000c9000000, 0x00000000c9000000| Untracked 
| 145|0x00000000c9100000, 0x00000000c9100000, 0x00000000c9200000|  0%| F|  |TAMS 0x00000000c9100000, 0x00000000c9100000| Untracked 
| 146|0x00000000c9200000, 0x00000000c9200000, 0x00000000c9300000|  0%| F|  |TAMS 0x00000000c9200000, 0x00000000c9200000| Untracked 
| 147|0x00000000c9300000, 0x00000000c9300000, 0x00000000c9400000|  0%| F|  |TAMS 0x00000000c9300000, 0x00000000c9300000| Untracked 
| 148|0x00000000c9400000, 0x00000000c9400000, 0x00000000c9500000|  0%| F|  |TAMS 0x00000000c9400000, 0x00000000c9400000| Untracked 
| 149|0x00000000c9500000, 0x00000000c9500000, 0x00000000c9600000|  0%| F|  |TAMS 0x00000000c9500000, 0x00000000c9500000| Untracked 
| 150|0x00000000c9600000, 0x00000000c9600000, 0x00000000c9700000|  0%| F|  |TAMS 0x00000000c9600000, 0x00000000c9600000| Untracked 
| 151|0x00000000c9700000, 0x00000000c9700000, 0x00000000c9800000|  0%| F|  |TAMS 0x00000000c9700000, 0x00000000c9700000| Untracked 
| 152|0x00000000c9800000, 0x00000000c9800000, 0x00000000c9900000|  0%| F|  |TAMS 0x00000000c9800000, 0x00000000c9800000| Untracked 
| 153|0x00000000c9900000, 0x00000000c9900000, 0x00000000c9a00000|  0%| F|  |TAMS 0x00000000c9900000, 0x00000000c9900000| Untracked 
| 154|0x00000000c9a00000, 0x00000000c9a00000, 0x00000000c9b00000|  0%| F|  |TAMS 0x00000000c9a00000, 0x00000000c9a00000| Untracked 
| 155|0x00000000c9b00000, 0x00000000c9b00000, 0x00000000c9c00000|  0%| F|  |TAMS 0x00000000c9b00000, 0x00000000c9b00000| Untracked 
| 156|0x00000000c9c00000, 0x00000000c9c00000, 0x00000000c9d00000|  0%| F|  |TAMS 0x00000000c9c00000, 0x00000000c9c00000| Untracked 
| 157|0x00000000c9d00000, 0x00000000c9d00000, 0x00000000c9e00000|  0%| F|  |TAMS 0x00000000c9d00000, 0x00000000c9d00000| Untracked 
| 158|0x00000000c9e00000, 0x00000000c9e00000, 0x00000000c9f00000|  0%| F|  |TAMS 0x00000000c9e00000, 0x00000000c9e00000| Untracked 
| 159|0x00000000c9f00000, 0x00000000c9f00000, 0x00000000ca000000|  0%| F|  |TAMS 0x00000000c9f00000, 0x00000000c9f00000| Untracked 
| 160|0x00000000ca000000, 0x00000000ca000000, 0x00000000ca100000|  0%| F|  |TAMS 0x00000000ca000000, 0x00000000ca000000| Untracked 
| 161|0x00000000ca100000, 0x00000000ca100000, 0x00000000ca200000|  0%| F|  |TAMS 0x00000000ca100000, 0x00000000ca100000| Untracked 
| 162|0x00000000ca200000, 0x00000000ca200000, 0x00000000ca300000|  0%| F|  |TAMS 0x00000000ca200000, 0x00000000ca200000| Untracked 
| 163|0x00000000ca300000, 0x00000000ca300000, 0x00000000ca400000|  0%| F|  |TAMS 0x00000000ca300000, 0x00000000ca300000| Untracked 
| 164|0x00000000ca400000, 0x00000000ca400000, 0x00000000ca500000|  0%| F|  |TAMS 0x00000000ca400000, 0x00000000ca400000| Untracked 
| 165|0x00000000ca500000, 0x00000000ca500000, 0x00000000ca600000|  0%| F|  |TAMS 0x00000000ca500000, 0x00000000ca500000| Untracked 
| 166|0x00000000ca600000, 0x00000000ca600000, 0x00000000ca700000|  0%| F|  |TAMS 0x00000000ca600000, 0x00000000ca600000| Untracked 
| 167|0x00000000ca700000, 0x00000000ca700000, 0x00000000ca800000|  0%| F|  |TAMS 0x00000000ca700000, 0x00000000ca700000| Untracked 
| 168|0x00000000ca800000, 0x00000000ca800000, 0x00000000ca900000|  0%| F|  |TAMS 0x00000000ca800000, 0x00000000ca800000| Untracked 
| 169|0x00000000ca900000, 0x00000000ca900000, 0x00000000caa00000|  0%| F|  |TAMS 0x00000000ca900000, 0x00000000ca900000| Untracked 
| 170|0x00000000caa00000, 0x00000000caa00000, 0x00000000cab00000|  0%| F|  |TAMS 0x00000000caa00000, 0x00000000caa00000| Untracked 
| 171|0x00000000cab00000, 0x00000000cab00000, 0x00000000cac00000|  0%| F|  |TAMS 0x00000000cab00000, 0x00000000cab00000| Untracked 
| 172|0x00000000cac00000, 0x00000000cac00000, 0x00000000cad00000|  0%| F|  |TAMS 0x00000000cac00000, 0x00000000cac00000| Untracked 
| 173|0x00000000cad00000, 0x00000000cad00000, 0x00000000cae00000|  0%| F|  |TAMS 0x00000000cad00000, 0x00000000cad00000| Untracked 
| 174|0x00000000cae00000, 0x00000000cae00000, 0x00000000caf00000|  0%| F|  |TAMS 0x00000000cae00000, 0x00000000cae00000| Untracked 
| 175|0x00000000caf00000, 0x00000000caf00000, 0x00000000cb000000|  0%| F|  |TAMS 0x00000000caf00000, 0x00000000caf00000| Untracked 
| 176|0x00000000cb000000, 0x00000000cb000000, 0x00000000cb100000|  0%| F|  |TAMS 0x00000000cb000000, 0x00000000cb000000| Untracked 
| 177|0x00000000cb100000, 0x00000000cb100000, 0x00000000cb200000|  0%| F|  |TAMS 0x00000000cb100000, 0x00000000cb100000| Untracked 
| 178|0x00000000cb200000, 0x00000000cb200000, 0x00000000cb300000|  0%| F|  |TAMS 0x00000000cb200000, 0x00000000cb200000| Untracked 
| 179|0x00000000cb300000, 0x00000000cb300000, 0x00000000cb400000|  0%| F|  |TAMS 0x00000000cb300000, 0x00000000cb300000| Untracked 
| 180|0x00000000cb400000, 0x00000000cb400000, 0x00000000cb500000|  0%| F|  |TAMS 0x00000000cb400000, 0x00000000cb400000| Untracked 
| 181|0x00000000cb500000, 0x00000000cb500000, 0x00000000cb600000|  0%| F|  |TAMS 0x00000000cb500000, 0x00000000cb500000| Untracked 
| 182|0x00000000cb600000, 0x00000000cb600000, 0x00000000cb700000|  0%| F|  |TAMS 0x00000000cb600000, 0x00000000cb600000| Untracked 
| 183|0x00000000cb700000, 0x00000000cb700000, 0x00000000cb800000|  0%| F|  |TAMS 0x00000000cb700000, 0x00000000cb700000| Untracked 
| 184|0x00000000cb800000, 0x00000000cb800000, 0x00000000cb900000|  0%| F|  |TAMS 0x00000000cb800000, 0x00000000cb800000| Untracked 
| 185|0x00000000cb900000, 0x00000000cb900000, 0x00000000cba00000|  0%| F|  |TAMS 0x00000000cb900000, 0x00000000cb900000| Untracked 
| 186|0x00000000cba00000, 0x00000000cba00000, 0x00000000cbb00000|  0%| F|  |TAMS 0x00000000cba00000, 0x00000000cba00000| Untracked 
| 187|0x00000000cbb00000, 0x00000000cbb00000, 0x00000000cbc00000|  0%| F|  |TAMS 0x00000000cbb00000, 0x00000000cbb00000| Untracked 
| 188|0x00000000cbc00000, 0x00000000cbc00000, 0x00000000cbd00000|  0%| F|  |TAMS 0x00000000cbc00000, 0x00000000cbc00000| Untracked 
| 189|0x00000000cbd00000, 0x00000000cbd00000, 0x00000000cbe00000|  0%| F|  |TAMS 0x00000000cbd00000, 0x00000000cbd00000| Untracked 
| 190|0x00000000cbe00000, 0x00000000cbe00000, 0x00000000cbf00000|  0%| F|  |TAMS 0x00000000cbe00000, 0x00000000cbe00000| Untracked 
| 191|0x00000000cbf00000, 0x00000000cbf00000, 0x00000000cc000000|  0%| F|  |TAMS 0x00000000cbf00000, 0x00000000cbf00000| Untracked 
| 192|0x00000000cc000000, 0x00000000cc000000, 0x00000000cc100000|  0%| F|  |TAMS 0x00000000cc000000, 0x00000000cc000000| Untracked 
| 193|0x00000000cc100000, 0x00000000cc100000, 0x00000000cc200000|  0%| F|  |TAMS 0x00000000cc100000, 0x00000000cc100000| Untracked 
| 194|0x00000000cc200000, 0x00000000cc200000, 0x00000000cc300000|  0%| F|  |TAMS 0x00000000cc200000, 0x00000000cc200000| Untracked 
| 195|0x00000000cc300000, 0x00000000cc300000, 0x00000000cc400000|  0%| F|  |TAMS 0x00000000cc300000, 0x00000000cc300000| Untracked 
| 196|0x00000000cc400000, 0x00000000cc400000, 0x00000000cc500000|  0%| F|  |TAMS 0x00000000cc400000, 0x00000000cc400000| Untracked 
| 197|0x00000000cc500000, 0x00000000cc500000, 0x00000000cc600000|  0%| F|  |TAMS 0x00000000cc500000, 0x00000000cc500000| Untracked 
| 198|0x00000000cc600000, 0x00000000cc600000, 0x00000000cc700000|  0%| F|  |TAMS 0x00000000cc600000, 0x00000000cc600000| Untracked 
| 199|0x00000000cc700000, 0x00000000cc700000, 0x00000000cc800000|  0%| F|  |TAMS 0x00000000cc700000, 0x00000000cc700000| Untracked 
| 200|0x00000000cc800000, 0x00000000cc800000, 0x00000000cc900000|  0%| F|  |TAMS 0x00000000cc800000, 0x00000000cc800000| Untracked 
| 201|0x00000000cc900000, 0x00000000cc900000, 0x00000000cca00000|  0%| F|  |TAMS 0x00000000cc900000, 0x00000000cc900000| Untracked 
| 202|0x00000000cca00000, 0x00000000cca00000, 0x00000000ccb00000|  0%| F|  |TAMS 0x00000000cca00000, 0x00000000cca00000| Untracked 
| 203|0x00000000ccb00000, 0x00000000ccb00000, 0x00000000ccc00000|  0%| F|  |TAMS 0x00000000ccb00000, 0x00000000ccb00000| Untracked 
| 204|0x00000000ccc00000, 0x00000000ccc00000, 0x00000000ccd00000|  0%| F|  |TAMS 0x00000000ccc00000, 0x00000000ccc00000| Untracked 
| 205|0x00000000ccd00000, 0x00000000cce00000, 0x00000000cce00000|100%| S|CS|TAMS 0x00000000ccd00000, 0x00000000ccd00000| Complete 
| 206|0x00000000cce00000, 0x00000000ccf00000, 0x00000000ccf00000|100%| S|CS|TAMS 0x00000000cce00000, 0x00000000cce00000| Complete 
| 207|0x00000000ccf00000, 0x00000000cd000000, 0x00000000cd000000|100%| S|CS|TAMS 0x00000000ccf00000, 0x00000000ccf00000| Complete 
| 208|0x00000000cd000000, 0x00000000cd100000, 0x00000000cd100000|100%| S|CS|TAMS 0x00000000cd000000, 0x00000000cd000000| Complete 
| 209|0x00000000cd100000, 0x00000000cd200000, 0x00000000cd200000|100%| S|CS|TAMS 0x00000000cd100000, 0x00000000cd100000| Complete 
| 210|0x00000000cd200000, 0x00000000cd300000, 0x00000000cd300000|100%| S|CS|TAMS 0x00000000cd200000, 0x00000000cd200000| Complete 
| 211|0x00000000cd300000, 0x00000000cd400000, 0x00000000cd400000|100%| S|CS|TAMS 0x00000000cd300000, 0x00000000cd300000| Complete 
| 212|0x00000000cd400000, 0x00000000cd400000, 0x00000000cd500000|  0%| F|  |TAMS 0x00000000cd400000, 0x00000000cd400000| Untracked 
| 213|0x00000000cd500000, 0x00000000cd500000, 0x00000000cd600000|  0%| F|  |TAMS 0x00000000cd500000, 0x00000000cd500000| Untracked 
| 214|0x00000000cd600000, 0x00000000cd600000, 0x00000000cd700000|  0%| F|  |TAMS 0x00000000cd600000, 0x00000000cd600000| Untracked 
| 215|0x00000000cd700000, 0x00000000cd700000, 0x00000000cd800000|  0%| F|  |TAMS 0x00000000cd700000, 0x00000000cd700000| Untracked 
| 216|0x00000000cd800000, 0x00000000cd800000, 0x00000000cd900000|  0%| F|  |TAMS 0x00000000cd800000, 0x00000000cd800000| Untracked 
| 217|0x00000000cd900000, 0x00000000cd900000, 0x00000000cda00000|  0%| F|  |TAMS 0x00000000cd900000, 0x00000000cd900000| Untracked 
| 218|0x00000000cda00000, 0x00000000cda00000, 0x00000000cdb00000|  0%| F|  |TAMS 0x00000000cda00000, 0x00000000cda00000| Untracked 
| 219|0x00000000cdb00000, 0x00000000cdb00000, 0x00000000cdc00000|  0%| F|  |TAMS 0x00000000cdb00000, 0x00000000cdb00000| Untracked 
| 220|0x00000000cdc00000, 0x00000000cdc00000, 0x00000000cdd00000|  0%| F|  |TAMS 0x00000000cdc00000, 0x00000000cdc00000| Untracked 
| 221|0x00000000cdd00000, 0x00000000cdd00000, 0x00000000cde00000|  0%| F|  |TAMS 0x00000000cdd00000, 0x00000000cdd00000| Untracked 
| 222|0x00000000cde00000, 0x00000000cde00000, 0x00000000cdf00000|  0%| F|  |TAMS 0x00000000cde00000, 0x00000000cde00000| Untracked 
| 223|0x00000000cdf00000, 0x00000000cdf00000, 0x00000000ce000000|  0%| F|  |TAMS 0x00000000cdf00000, 0x00000000cdf00000| Untracked 
| 224|0x00000000ce000000, 0x00000000ce000000, 0x00000000ce100000|  0%| F|  |TAMS 0x00000000ce000000, 0x00000000ce000000| Untracked 
| 225|0x00000000ce100000, 0x00000000ce200000, 0x00000000ce200000|100%| E|  |TAMS 0x00000000ce100000, 0x00000000ce100000| Complete 
| 226|0x00000000ce200000, 0x00000000ce300000, 0x00000000ce300000|100%| E|CS|TAMS 0x00000000ce200000, 0x00000000ce200000| Complete 
| 227|0x00000000ce300000, 0x00000000ce400000, 0x00000000ce400000|100%| E|CS|TAMS 0x00000000ce300000, 0x00000000ce300000| Complete 
| 228|0x00000000ce400000, 0x00000000ce500000, 0x00000000ce500000|100%| E|CS|TAMS 0x00000000ce400000, 0x00000000ce400000| Complete 
| 229|0x00000000ce500000, 0x00000000ce600000, 0x00000000ce600000|100%| E|CS|TAMS 0x00000000ce500000, 0x00000000ce500000| Complete 
| 230|0x00000000ce600000, 0x00000000ce700000, 0x00000000ce700000|100%| E|CS|TAMS 0x00000000ce600000, 0x00000000ce600000| Complete 
| 231|0x00000000ce700000, 0x00000000ce800000, 0x00000000ce800000|100%| E|CS|TAMS 0x00000000ce700000, 0x00000000ce700000| Complete 
| 232|0x00000000ce800000, 0x00000000ce900000, 0x00000000ce900000|100%| E|CS|TAMS 0x00000000ce800000, 0x00000000ce800000| Complete 
| 233|0x00000000ce900000, 0x00000000cea00000, 0x00000000cea00000|100%| E|CS|TAMS 0x00000000ce900000, 0x00000000ce900000| Complete 
| 234|0x00000000cea00000, 0x00000000ceb00000, 0x00000000ceb00000|100%| E|CS|TAMS 0x00000000cea00000, 0x00000000cea00000| Complete 
| 235|0x00000000ceb00000, 0x00000000cec00000, 0x00000000cec00000|100%| E|CS|TAMS 0x00000000ceb00000, 0x00000000ceb00000| Complete 
| 236|0x00000000cec00000, 0x00000000ced00000, 0x00000000ced00000|100%| E|CS|TAMS 0x00000000cec00000, 0x00000000cec00000| Complete 
| 237|0x00000000ced00000, 0x00000000cee00000, 0x00000000cee00000|100%| E|CS|TAMS 0x00000000ced00000, 0x00000000ced00000| Complete 
| 238|0x00000000cee00000, 0x00000000cef00000, 0x00000000cef00000|100%| E|CS|TAMS 0x00000000cee00000, 0x00000000cee00000| Complete 
| 239|0x00000000cef00000, 0x00000000cf000000, 0x00000000cf000000|100%| E|CS|TAMS 0x00000000cef00000, 0x00000000cef00000| Complete 
| 240|0x00000000cf000000, 0x00000000cf100000, 0x00000000cf100000|100%| E|CS|TAMS 0x00000000cf000000, 0x00000000cf000000| Complete 
| 241|0x00000000cf100000, 0x00000000cf200000, 0x00000000cf200000|100%| E|CS|TAMS 0x00000000cf100000, 0x00000000cf100000| Complete 
| 242|0x00000000cf200000, 0x00000000cf300000, 0x00000000cf300000|100%| E|CS|TAMS 0x00000000cf200000, 0x00000000cf200000| Complete 
| 243|0x00000000cf300000, 0x00000000cf400000, 0x00000000cf400000|100%| E|CS|TAMS 0x00000000cf300000, 0x00000000cf300000| Complete 
| 244|0x00000000cf400000, 0x00000000cf500000, 0x00000000cf500000|100%| E|CS|TAMS 0x00000000cf400000, 0x00000000cf400000| Complete 
| 245|0x00000000cf500000, 0x00000000cf600000, 0x00000000cf600000|100%| E|CS|TAMS 0x00000000cf500000, 0x00000000cf500000| Complete 
| 246|0x00000000cf600000, 0x00000000cf700000, 0x00000000cf700000|100%| E|CS|TAMS 0x00000000cf600000, 0x00000000cf600000| Complete 
| 247|0x00000000cf700000, 0x00000000cf800000, 0x00000000cf800000|100%| E|CS|TAMS 0x00000000cf700000, 0x00000000cf700000| Complete 
| 248|0x00000000cf800000, 0x00000000cf900000, 0x00000000cf900000|100%| E|CS|TAMS 0x00000000cf800000, 0x00000000cf800000| Complete 
| 249|0x00000000cf900000, 0x00000000cfa00000, 0x00000000cfa00000|100%| E|CS|TAMS 0x00000000cf900000, 0x00000000cf900000| Complete 
| 250|0x00000000cfa00000, 0x00000000cfb00000, 0x00000000cfb00000|100%| E|CS|TAMS 0x00000000cfa00000, 0x00000000cfa00000| Complete 
| 251|0x00000000cfb00000, 0x00000000cfc00000, 0x00000000cfc00000|100%| E|CS|TAMS 0x00000000cfb00000, 0x00000000cfb00000| Complete 

Card table byte_map: [0x000002dfac990000,0x000002dfacb90000] _byte_map_base: 0x000002dfac390000

Marking Bits (Prev, Next): (CMBitMap*) 0x000002df95653928, (CMBitMap*) 0x000002df95653960
 Prev Bits: [0x000002dfacd90000, 0x000002dfadd90000)
 Next Bits: [0x000002dfadd90000, 0x000002dfaed90000)

Polling page: 0x000002df94de0000

Metaspace:

Usage:
  Non-class:     32.80 MB capacity,    32.21 MB ( 98%) used,   474.07 KB (  1%) free+waste,   136.62 KB ( <1%) overhead. 
      Class:      5.57 MB capacity,     5.03 MB ( 90%) used,   481.04 KB (  8%) free+waste,    75.50 KB (  1%) overhead. 
       Both:     38.37 MB capacity,    37.23 MB ( 97%) used,   955.11 KB (  2%) free+waste,   212.12 KB ( <1%) overhead. 

Virtual space:
  Non-class space:       34.00 MB reserved,      32.92 MB ( 97%) committed 
      Class space:        1.00 GB reserved,       5.62 MB ( <1%) committed 
             Both:        1.03 GB reserved,      38.55 MB (  4%) committed 

Chunk freelists:
   Non-Class:  7.25 KB
       Class:  3.12 KB
        Both:  10.38 KB

CodeHeap 'non-profiled nmethods': size=119168Kb used=1108Kb max_used=1108Kb free=118059Kb
 bounds [0x000002dfa4880000, 0x000002dfa4af0000, 0x000002dfabce0000]
CodeHeap 'profiled nmethods': size=119168Kb used=5454Kb max_used=5454Kb free=113713Kb
 bounds [0x000002df9d420000, 0x000002df9d980000, 0x000002dfa4880000]
CodeHeap 'non-nmethods': size=7424Kb used=2343Kb max_used=2808Kb free=5081Kb
 bounds [0x000002df9cce0000, 0x000002df9d030000, 0x000002df9d420000]
 total_blobs=3285 nmethods=2687 adapters=507
 compilation: enabled
              stopped_count=0, restarted_count=0
 full_count=0

Compilation events (10 events):
Event: 8.964 Thread 0x000002dfb2981800 nmethod 2689 0x000002dfa498a290 code [0x000002dfa498a420, 0x000002dfa498a638]
Event: 8.964 Thread 0x000002dfb2862000 2691       3       java.util.regex.Pattern$CharPropertyGreedy::study (45 bytes)
Event: 8.964 Thread 0x000002dfb2981800 2692       1       org.sparkproject.guava.collect.ImmutableEntry::getValue (5 bytes)
Event: 8.964 Thread 0x000002dfb2981800 nmethod 2692 0x000002dfa498a710 code [0x000002dfa498a8a0, 0x000002dfa498a958]
Event: 8.964 Thread 0x000002dfb2862000 nmethod 2691 0x000002df9d969b10 code [0x000002df9d969cc0, 0x000002df9d969ee8]
Event: 8.965 Thread 0x000002dfb2981800 2693       3       java.util.concurrent.locks.ReentrantLock::unlock (10 bytes)
Event: 8.965 Thread 0x000002dfb2981800 nmethod 2693 0x000002df9d96a010 code [0x000002df9d96a1e0, 0x000002df9d96a518]
Event: 8.967 Thread 0x000002dfb3d75000 nmethod 2690 0x000002df9d96a690 code [0x000002df9d96afe0, 0x000002df9d970be8]
Event: 8.967 Thread 0x000002dfb2862000 2694       1       org.apache.spark.internal.config.ConfigEntryWithDefault::$anonfun$readFrom$1 (5 bytes)
Event: 8.967 Thread 0x000002dfb2862000 nmethod 2694 0x000002dfa498aa10 code [0x000002dfa498aba0, 0x000002dfa498ac38]

GC Heap History (10 events):
Event: 0.207 GC heap before
{Heap before GC invocations=0 (full 0):
 garbage-first heap   total 258048K, used 26624K [0x00000000c0000000, 0x0000000100000000)
  region size 1024K, 24 young (24576K), 0 survivors (0K)
 Metaspace       used 6704K, capacity 6820K, committed 7040K, reserved 1056768K
  class space    used 548K, capacity 592K, committed 640K, reserved 1048576K
}
Event: 0.212 GC heap after
{Heap after GC invocations=1 (full 0):
 garbage-first heap   total 258048K, used 15372K [0x00000000c0000000, 0x0000000100000000)
  region size 1024K, 3 young (3072K), 3 survivors (3072K)
 Metaspace       used 6704K, capacity 6820K, committed 7040K, reserved 1056768K
  class space    used 548K, capacity 592K, committed 640K, reserved 1048576K
}
Event: 0.443 GC heap before
{Heap before GC invocations=1 (full 0):
 garbage-first heap   total 258048K, used 33804K [0x00000000c0000000, 0x0000000100000000)
  region size 1024K, 22 young (22528K), 3 survivors (3072K)
 Metaspace       used 11964K, capacity 12045K, committed 12288K, reserved 1060864K
  class space    used 1379K, capacity 1424K, committed 1536K, reserved 1048576K
}
Event: 0.444 GC heap after
{Heap after GC invocations=2 (full 0):
 garbage-first heap   total 258048K, used 16801K [0x00000000c0000000, 0x0000000100000000)
  region size 1024K, 1 young (1024K), 1 survivors (1024K)
 Metaspace       used 11964K, capacity 12045K, committed 12288K, reserved 1060864K
  class space    used 1379K, capacity 1424K, committed 1536K, reserved 1048576K
}
Event: 7.506 GC heap before
{Heap before GC invocations=2 (full 0):
 garbage-first heap   total 258048K, used 53665K [0x00000000c0000000, 0x0000000100000000)
  region size 1024K, 38 young (38912K), 1 survivors (1024K)
 Metaspace       used 20651K, capacity 21122K, committed 21296K, reserved 1067008K
  class space    used 2642K, capacity 2838K, committed 2944K, reserved 1048576K
}
Event: 7.510 GC heap after
{Heap after GC invocations=3 (full 0):
 garbage-first heap   total 258048K, used 19769K [0x00000000c0000000, 0x0000000100000000)
  region size 1024K, 4 young (4096K), 4 survivors (4096K)
 Metaspace       used 20651K, capacity 21122K, committed 21296K, reserved 1067008K
  class space    used 2642K, capacity 2838K, committed 2944K, reserved 1048576K
}
Event: 8.290 GC heap before
{Heap before GC invocations=4 (full 0):
 garbage-first heap   total 258048K, used 75065K [0x00000000c0000000, 0x0000000100000000)
  region size 1024K, 59 young (60416K), 4 survivors (4096K)
 Metaspace       used 29509K, capacity 30321K, committed 30384K, reserved 1075200K
  class space    used 3919K, capacity 4305K, committed 4352K, reserved 1048576K
}
Event: 8.292 GC heap after
{Heap after GC invocations=5 (full 0):
 garbage-first heap   total 258048K, used 22177K [0x00000000c0000000, 0x0000000100000000)
  region size 1024K, 7 young (7168K), 7 survivors (7168K)
 Metaspace       used 29509K, capacity 30321K, committed 30384K, reserved 1075200K
  class space    used 3919K, capacity 4305K, committed 4352K, reserved 1048576K
}
Event: 8.788 GC heap before
{Heap before GC invocations=5 (full 0):
 garbage-first heap   total 258048K, used 61089K [0x00000000c0000000, 0x0000000100000000)
  region size 1024K, 47 young (48128K), 7 survivors (7168K)
 Metaspace       used 34761K, capacity 35743K, committed 35888K, reserved 1079296K
  class space    used 4652K, capacity 5132K, committed 5248K, reserved 1048576K
}
Event: 8.793 GC heap after
{Heap after GC invocations=6 (full 0):
 garbage-first heap   total 258048K, used 22951K [0x00000000c0000000, 0x0000000100000000)
  region size 1024K, 7 young (7168K), 7 survivors (7168K)
 Metaspace       used 34761K, capacity 35743K, committed 35888K, reserved 1079296K
  class space    used 4652K, capacity 5132K, committed 5248K, reserved 1048576K
}

Deoptimization events (10 events):
Event: 7.715 Thread 0x000002df95629000 Uncommon trap: reason=unstable_if action=reinterpret pc=0x000002dfa492e0d0 method=com.ctc.wstx.io.UTF8Reader.read([CII)I @ 269 c2
Event: 7.715 Thread 0x000002df95629000 Uncommon trap: reason=unstable_if action=reinterpret pc=0x000002dfa4911388 method=java.lang.AbstractStringBuilder.appendChars([CII)V @ 43 c2
Event: 7.774 Thread 0x000002df95629000 Uncommon trap: reason=unstable_if action=reinterpret pc=0x000002dfa49361dc method=org.apache.hadoop.conf.Configuration$Parser.handleEndElement()V @ 24 c2
Event: 8.062 Thread 0x000002dfb2cbe800 Uncommon trap: reason=unstable_if action=reinterpret pc=0x000002dfa48fa7f4 method=jdk.internal.org.objectweb.asm.Type.getArgumentsAndReturnSizes(Ljava/lang/String;)I @ 41 c2
Event: 8.190 Thread 0x000002dfb2cbe800 Uncommon trap: reason=speculate_null_assert action=make_not_entrant pc=0x000002dfa490f9b0 method=jdk.internal.loader.URLClassPath$JarLoader.getResource(Ljava/lang/String;ZLjava/util/Set;)Ljdk/internal/loader/Resource; @ 17 c2
Event: 8.647 Thread 0x000002dfb2cbe800 Uncommon trap: reason=unstable_if action=reinterpret pc=0x000002dfa4963eb4 method=jdk.internal.org.objectweb.asm.Type.getArgumentsAndReturnSizes(Ljava/lang/String;)I @ 47 c2
Event: 8.764 Thread 0x000002dfb2cbe800 Uncommon trap: reason=unstable_if action=reinterpret pc=0x000002dfa4953d1c method=java.nio.Buffer.position(I)Ljava/nio/Buffer; @ 37 c2
Event: 8.787 Thread 0x000002dfb2cbe800 Uncommon trap: reason=unstable_if action=reinterpret pc=0x000002dfa492aa58 method=java.util.HashMap.hash(Ljava/lang/Object;)I @ 1 c2
Event: 8.787 Thread 0x000002dfb2cbe800 Uncommon trap: reason=unstable_if action=reinterpret pc=0x000002dfa48e072c method=java.util.HashMap.hash(Ljava/lang/Object;)I @ 1 c2
Event: 8.895 Thread 0x000002dfb40d2000 Uncommon trap: reason=unstable_if action=reinterpret pc=0x000002dfa4943cb0 method=java.util.concurrent.ConcurrentHashMap.putVal(Ljava/lang/Object;Ljava/lang/Object;Z)Ljava/lang/Object; @ 97 c2

Classes redefined (0 events):
No events

Internal exceptions (10 events):
Event: 8.787 Thread 0x000002dfb2cbe800 Implicit null exception at 0x000002dfa4929afe to 0x000002dfa492aa3c
Event: 8.787 Thread 0x000002dfb2cbe800 Implicit null exception at 0x000002dfa48e06af to 0x000002dfa48e071d
Event: 8.851 Thread 0x000002dfb2cbe800 Exception <a 'java/lang/NoSuchMethodError'{0x00000000cf4dcbf0}: java.lang.invoke.DirectMethodHandle$Holder.invokeInterface(Ljava/lang/Object;Ljava/lang/Object;)I> (0x00000000cf4dcbf0) thrown at [./open/src/hotspot/share/interpreter/linkResolver.cpp, line 
Event: 8.878 Thread 0x000002dfb2cbe800 Exception <a 'java/net/BindException'{0x00000000cf0e1af0}: Address already in use: bind> (0x00000000cf0e1af0) thrown at [./open/src/hotspot/share/prims/jni.cpp, line 632]
Event: 8.882 Thread 0x000002dfb2cbe800 Exception <a 'java/lang/NoSuchMethodError'{0x00000000cef70b10}: java.lang.invoke.DirectMethodHandle$Holder.invokeStatic(Ljava/lang/Object;JJ)J> (0x00000000cef70b10) thrown at [./open/src/hotspot/share/interpreter/linkResolver.cpp, line 772]
Event: 8.885 Thread 0x000002dfb2cbe800 Exception <a 'java/lang/NoSuchMethodError'{0x00000000cefb4a48}: java.lang.invoke.DirectMethodHandle$Holder.invokeInterface(Ljava/lang/Object;Ljava/lang/Object;)V> (0x00000000cefb4a48) thrown at [./open/src/hotspot/share/interpreter/linkResolver.cpp, line 
Event: 8.906 Thread 0x000002dfb2cbe800 Exception <a 'java/lang/NoSuchMethodError'{0x00000000cec1cdf0}: java.lang.invoke.DirectMethodHandle$Holder.invokeStaticInit(Ljava/lang/Object;Ljava/lang/Object;)I> (0x00000000cec1cdf0) thrown at [./open/src/hotspot/share/interpreter/linkResolver.cpp, line
Event: 8.907 Thread 0x000002dfb2cbe800 Exception <a 'java/lang/NoSuchMethodError'{0x00000000cec22360}: java.lang.invoke.DirectMethodHandle$Holder.invokeStaticInit(Ljava/lang/Object;Ljava/lang/Object;Ljava/lang/Object;)V> (0x00000000cec22360) thrown at [./open/src/hotspot/share/interpreter/link
Event: 8.914 Thread 0x000002dfb2cbe800 Exception <a 'java/lang/NoSuchMethodError'{0x00000000ceb49470}: java.lang.invoke.DirectMethodHandle$Holder.invokeInterface(Ljava/lang/Object;Ljava/lang/Object;Ljava/lang/Object;)Ljava/lang/Object;> (0x00000000ceb49470) thrown at [./open/src/hotspot/share/
Event: 8.963 Thread 0x000002dfb2cbe800 Exception <a 'java/lang/NoSuchMethodError'{0x00000000ce6bbe88}: java.lang.invoke.DirectMethodHandle$Holder.invokeStatic(Ljava/lang/Object;Ljava/lang/Object;)J> (0x00000000ce6bbe88) thrown at [./open/src/hotspot/share/interpreter/linkResolver.cpp, line 772

Events (10 events):
Event: 8.968 loading class org/apache/spark/rpc/netty/RequestMessage
Event: 8.968 loading class org/apache/spark/rpc/netty/RequestMessage done
Event: 8.968 loading class org/apache/spark/scheduler/TaskSchedulerImpl
Event: 8.968 loading class org/apache/spark/scheduler/TaskSchedulerImpl done
Event: 8.968 Executing VM operation: RevokeBias
Event: 8.968 Executing VM operation: RevokeBias done
Event: 8.968 loading class scala/concurrent/Promise$
Event: 8.968 loading class scala/concurrent/Promise$ done
Event: 8.968 loading class scala/concurrent/Promise
Event: 8.968 loading class scala/concurrent/Promise done


Dynamic libraries:
0x00007ff7b48a0000 - 0x00007ff7b48b0000 	D:\jdk11\bin\java.exe
0x00007fff0d9f0000 - 0x00007fff0dc04000 	C:\Windows\SYSTEM32\ntdll.dll
0x00007fff0b960000 - 0x00007fff0ba22000 	C:\Windows\System32\KERNEL32.DLL
0x00007fff0ae70000 - 0x00007fff0b213000 	C:\Windows\System32\KERNELBASE.dll
0x00007fff0b520000 - 0x00007fff0b631000 	C:\Windows\System32\ucrtbase.dll
0x00007ffeb7030000 - 0x00007ffeb7048000 	D:\jdk11\bin\jli.dll
0x00007fff0ba30000 - 0x00007fff0bade000 	C:\Windows\System32\ADVAPI32.dll
0x00007ffeb2b30000 - 0x00007ffeb2b4b000 	D:\jdk11\bin\VCRUNTIME140.dll
0x00007fff0b850000 - 0x00007fff0b8f7000 	C:\Windows\System32\msvcrt.dll
0x00007fff0d060000 - 0x00007fff0d104000 	C:\Windows\System32\sechost.dll
0x00007fff0d190000 - 0x00007fff0d2a7000 	C:\Windows\System32\RPCRT4.dll
0x00007fff0cbf0000 - 0x00007fff0cd9a000 	C:\Windows\System32\USER32.dll
0x00007fff0b220000 - 0x00007fff0b246000 	C:\Windows\System32\win32u.dll
0x00007ffeefec0000 - 0x00007ffef014e000 	C:\Windows\WinSxS\amd64_microsoft.windows.common-controls_6595b64144ccf1df_6.0.22621.1635_none_270f70857386168e\COMCTL32.dll
0x00007fff0d2b0000 - 0x00007fff0d2d9000 	C:\Windows\System32\GDI32.dll
0x00007fff0b640000 - 0x00007fff0b759000 	C:\Windows\System32\gdi32full.dll
0x00007fff0b250000 - 0x00007fff0b2ea000 	C:\Windows\System32\msvcp_win.dll
0x00007fff00240000 - 0x00007fff0024a000 	C:\Windows\SYSTEM32\VERSION.dll
0x00007fff0b900000 - 0x00007fff0b931000 	C:\Windows\System32\IMM32.DLL
0x00007ffec9cc0000 - 0x00007ffec9ccc000 	D:\jdk11\bin\vcruntime140_1.dll
0x00007ffe82b20000 - 0x00007ffe82bae000 	D:\jdk11\bin\msvcp140.dll
0x00007ffe4f760000 - 0x00007ffe502c8000 	D:\jdk11\bin\server\jvm.dll
0x00007fff0d180000 - 0x00007fff0d188000 	C:\Windows\System32\PSAPI.DLL
0x00007fff00e70000 - 0x00007fff00ea4000 	C:\Windows\SYSTEM32\WINMM.dll
0x00007ffee0dd0000 - 0x00007ffee0dd9000 	C:\Windows\SYSTEM32\WSOCK32.dll
0x00007fff0b7d0000 - 0x00007fff0b841000 	C:\Windows\System32\WS2_32.dll
0x00007fff09e90000 - 0x00007fff09ea8000 	C:\Windows\SYSTEM32\kernel.appcore.dll
0x00007ffec63a0000 - 0x00007ffec63b0000 	D:\jdk11\bin\verify.dll
0x00007fff08870000 - 0x00007fff08a9e000 	C:\Windows\SYSTEM32\DBGHELP.DLL
0x00007fff0d450000 - 0x00007fff0d7d9000 	C:\Windows\System32\combase.dll
0x00007fff0d2e0000 - 0x00007fff0d3b7000 	C:\Windows\System32\OLEAUT32.dll
0x00007ffeeb370000 - 0x00007ffeeb3a2000 	C:\Windows\SYSTEM32\dbgcore.DLL
0x00007fff0adf0000 - 0x00007fff0ae6a000 	C:\Windows\System32\bcryptPrimitives.dll
0x00007ffe94640000 - 0x00007ffe94668000 	D:\jdk11\bin\java.dll
0x00007ffec49f0000 - 0x00007ffec49fa000 	D:\jdk11\bin\jimage.dll
0x00007ffeb2a80000 - 0x00007ffeb2a97000 	D:\jdk11\bin\zip.dll
0x00007fff0bcf0000 - 0x00007fff0c4e9000 	C:\Windows\System32\SHELL32.dll
0x00007fff08df0000 - 0x00007fff096be000 	C:\Windows\SYSTEM32\windows.storage.dll
0x00007fff08cb0000 - 0x00007fff08dee000 	C:\Windows\SYSTEM32\wintypes.dll
0x00007fff0c550000 - 0x00007fff0c641000 	C:\Windows\System32\SHCORE.dll
0x00007fff0bc80000 - 0x00007fff0bcde000 	C:\Windows\System32\shlwapi.dll
0x00007fff0ad20000 - 0x00007fff0ad46000 	C:\Windows\SYSTEM32\profapi.dll
0x00007ffe94620000 - 0x00007ffe94639000 	D:\jdk11\bin\net.dll
0x00007fff00d00000 - 0x00007fff00e37000 	C:\Windows\SYSTEM32\WINHTTP.dll
0x00007fff0a3a0000 - 0x00007fff0a409000 	C:\Windows\system32\mswsock.dll
0x00007ffe94600000 - 0x00007ffe94612000 	D:\jdk11\bin\nio.dll
0x00007ffeddd90000 - 0x00007ffeddda7000 	C:\Windows\system32\napinsp.dll
0x00007ffeddd50000 - 0x00007ffeddd6b000 	C:\Windows\system32\pnrpnsp.dll
0x00007fff09a00000 - 0x00007fff09af3000 	C:\Windows\SYSTEM32\DNSAPI.dll
0x00007fff09990000 - 0x00007fff099bd000 	C:\Windows\SYSTEM32\IPHLPAPI.DLL
0x00007fff0c540000 - 0x00007fff0c549000 	C:\Windows\System32\NSI.dll
0x00007ffeddd30000 - 0x00007ffeddd41000 	C:\Windows\System32\winrnr.dll
0x00007fff010e0000 - 0x00007fff010f5000 	C:\Windows\system32\wshbth.dll
0x00007ffeddd00000 - 0x00007ffeddd21000 	C:\Windows\system32\nlansp_c.dll
0x00007ffefecc0000 - 0x00007ffefecca000 	C:\Windows\System32\rasadhlp.dll
0x00007ffeff520000 - 0x00007ffeff5a4000 	C:\Windows\System32\fwpuclnt.dll
0x00007fff0a600000 - 0x00007fff0a61b000 	C:\Windows\SYSTEM32\CRYPTSP.dll
0x00007fff09eb0000 - 0x00007fff09ee5000 	C:\Windows\system32\rsaenh.dll
0x00007fff0a4a0000 - 0x00007fff0a4cc000 	C:\Windows\SYSTEM32\USERENV.dll
0x00007fff0a7c0000 - 0x00007fff0a7e8000 	C:\Windows\SYSTEM32\bcrypt.dll
0x00007fff0a620000 - 0x00007fff0a62c000 	C:\Windows\SYSTEM32\CRYPTBASE.dll
0x00007fff00eb0000 - 0x00007fff00ec9000 	C:\Windows\SYSTEM32\dhcpcsvc6.DLL
0x00007fff00a60000 - 0x00007fff00a7f000 	C:\Windows\SYSTEM32\dhcpcsvc.DLL
0x00007ffeb6ca0000 - 0x00007ffeb6ca9000 	D:\jdk11\bin\management.dll
0x00007ffeb6850000 - 0x00007ffeb685b000 	D:\jdk11\bin\management_ext.dll
0x00007ffeb4e90000 - 0x00007ffeb4e99000 	D:\jdk11\bin\jaas.dll

dbghelp: loaded successfully - version: 4.0.5 - missing functions: none
symbol engine: initialized successfully - sym options: 0x614 - pdb path: .;D:\jdk11\bin;C:\Windows\SYSTEM32;C:\Windows\WinSxS\amd64_microsoft.windows.common-controls_6595b64144ccf1df_6.0.22621.1635_none_270f70857386168e;D:\jdk11\bin\server

VM Arguments:
jvm_args: -Xmx1g 
java_command: org.apache.spark.deploy.SparkSubmit --conf spark.app.name=NetEaseClouder pyspark-shell
java_class_path (initial): D:\Anconda\envs\spark_gdal\Lib\site-packages\pyspark\bin\..\conf;D:\Anconda\envs\spark_gdal\Lib\site-packages\pyspark\bin\..\jars\accessors-smart-1.2.jar;D:\Anconda\envs\spark_gdal\Lib\site-packages\pyspark\bin\..\jars\activation-1.1.1.jar;D:\Anconda\envs\spark_gdal\Lib\site-packages\pyspark\bin\..\jars\aircompressor-0.10.jar;D:\Anconda\envs\spark_gdal\Lib\site-packages\pyspark\bin\..\jars\algebra_2.12-2.0.0-M2.jar;D:\Anconda\envs\spark_gdal\Lib\site-packages\pyspark\bin\..\jars\antlr-runtime-3.5.2.jar;D:\Anconda\envs\spark_gdal\Lib\site-packages\pyspark\bin\..\jars\antlr4-runtime-4.8-1.jar;D:\Anconda\envs\spark_gdal\Lib\site-packages\pyspark\bin\..\jars\aopalliance-1.0.jar;D:\Anconda\envs\spark_gdal\Lib\site-packages\pyspark\bin\..\jars\aopalliance-repackaged-2.6.1.jar;D:\Anconda\envs\spark_gdal\Lib\site-packages\pyspark\bin\..\jars\arpack_combined_all-0.1.jar;D:\Anconda\envs\spark_gdal\Lib\site-packages\pyspark\bin\..\jars\arrow-format-2.0.0.jar;D:\Anconda\envs\spark_gdal\Lib\site-packages\pyspark\bin\..\jars\arrow-memory-core-2.0.0.jar;D:\Anconda\envs\spark_gdal\Lib\site-packages\pyspark\bin\..\jars\arrow-memory-netty-2.0.0.jar;D:\Anconda\envs\spark_gdal\Lib\site-packages\pyspark\bin\..\jars\arrow-vector-2.0.0.jar;D:\Anconda\envs\spark_gdal\Lib\site-packages\pyspark\bin\..\jars\audience-annotations-0.5.0.jar;D:\Anconda\envs\spark_gdal\Lib\site-packages\pyspark\bin\..\jars\automaton-1.11-8.jar;D:\Anconda\envs\spark_gdal\Lib\site-packages\pyspark\bin\..\jars\avro-1.8.2.jar;D:\Anconda\envs\spark_gdal\Lib\site-packages\pyspark\bin\..\jars\avro-ipc-1.8.2.jar;D:\Anconda\envs\spark_gdal\Lib\site-packages\pyspark\bin\..\jars\avro-mapred-1.8.2-hadoop2.jar;D:\Anconda\envs\spark_gdal\Lib\site-packages\pyspark\bin\..\jars\bonecp-0.8.0.RELEASE.jar;D:\Anconda\envs\spark_gdal\Lib\site-packages\pyspark\bin\..\jars\breeze-macros_2.12-1.0.jar;D:\Anconda\envs\spark_gdal\Lib\site-packages\pyspark\bin\..\jars\breeze_2.12-1.0.jar;D:\Anconda\envs\spark_gdal
Launcher Type: SUN_STANDARD

[Global flags]
     intx CICompilerCount                          = 12                                        {product} {ergonomic}
     uint ConcGCThreads                            = 4                                         {product} {ergonomic}
     uint G1ConcRefinementThreads                  = 15                                        {product} {ergonomic}
   size_t G1HeapRegionSize                         = 1048576                                   {product} {ergonomic}
    uintx GCDrainStackTargetSize                   = 64                                        {product} {ergonomic}
   size_t InitialHeapSize                          = 264241152                                 {product} {ergonomic}
   size_t MarkStackSize                            = 4194304                                   {product} {ergonomic}
   size_t MaxHeapSize                              = 1073741824                                {product} {command line}
   size_t MaxNewSize                               = 643825664                                 {product} {ergonomic}
   size_t MinHeapDeltaBytes                        = 1048576                                   {product} {ergonomic}
    uintx NonNMethodCodeHeapSize                   = 7594288                                {pd product} {ergonomic}
    uintx NonProfiledCodeHeapSize                  = 122031976                              {pd product} {ergonomic}
    uintx ProfiledCodeHeapSize                     = 122031976                              {pd product} {ergonomic}
    uintx ReservedCodeCacheSize                    = 251658240                              {pd product} {ergonomic}
     bool SegmentedCodeCache                       = true                                      {product} {ergonomic}
     bool UseCompressedClassPointers               = true                                 {lp64_product} {ergonomic}
     bool UseCompressedOops                        = true                                 {lp64_product} {ergonomic}
     bool UseG1GC                                  = true                                      {product} {ergonomic}
     bool UseLargePagesIndividualAllocation        = false                                  {pd product} {ergonomic}

Logging:
Log output configuration:
 #0: stdout all=warning uptime,level,tags
 #1: stderr all=off uptime,level,tags

Environment Variables:
JAVA_HOME=D:\jdk11
PATH=D:\Anconda\envs\spark_gdal;D:\Anconda\envs\spark_gdal\Library\mingw-w64\bin;D:\Anconda\envs\spark_gdal\Library\usr\bin;D:\Anconda\envs\spark_gdal\Library\bin;D:\Anconda\envs\spark_gdal\Scripts;D:\Anconda\envs\spark_gdal\bin;D:\Anconda\condabin;D:\VM player\bin;C:\Program Files\Common Files\Oracle\Java\javapath;C:\Windows\system32;C:\Windows;C:\Windows\System32\Wbem;C:\Windows\System32\WindowsPowerShell\v1.0;C:\Windows\System32\OpenSSH;C:\Program Files (x86)\NVIDIA Corporation\PhysX\Common;C:\Program Files\NVIDIA Corporation\NVIDIA NvDLISR;D:\xfhp;D:\xshell;D:\Git 1\Git\cmd;D:\scala\bin;D:\apache-maven-3.8.4\bin;D:\jdk11\bin;C:\Users\Zhang\AppData\Local\Microsoft\WindowsApps;.;D:\jetbrains\IntelliJ IDEA 2023.1.2\bin;.;D:\jetbrains\PyCharm 2023.1.2\bin;.;D:\Anconda\Library\Bin
USERNAME=Zhang
OS=Windows_NT
PROCESSOR_IDENTIFIER=Intel64 Family 6 Model 191 Stepping 2, GenuineIntel



---------------  S Y S T E M  ---------------

OS: Windows 11 , 64 bit Build 22621 (10.0.22621.1928)

CPU:total 20 (initial active 20) (10 cores per cpu, 2 threads per core) family 6 model 191 stepping 2 microcode 0x28, cmov, cx8, fxsr, mmx, sse, sse2, sse3, ssse3, sse4.1, sse4.2, popcnt, avx, avx2, aes, clmul, erms, 3dnowpref, lzcnt, ht, tsc, tscinvbit, bmi1, bmi2, adx, sha, fma

Memory: 4k page, system-wide physical 16103M (415M free)
TotalPageFile size 46486M (AvailPageFile size 34M)
current process WorkingSet (physical memory assigned to process): 226M, peak: 227M
current process commit charge ("private bytes"): 457M, peak: 459M

vm_info: Java HotSpot(TM) 64-Bit Server VM (11.0.18+9-LTS-195) for windows-amd64 JRE (11.0.18+9-LTS-195), built on Dec  6 2022 15:50:58 by "mach5one" with MS VC++ 17.1 (VS2022)

END.
