#
# There is insufficient memory for the Java Runtime Environment to continue.
# Native memory allocation (malloc) failed to allocate 298480 bytes for Chunk::new
# Possible reasons:
#   The system is out of physical RAM or swap space
#   The process is running with CompressedOops enabled, and the Java Heap may be blocking the growth of the native heap
# Possible solutions:
#   Reduce memory load on the system
#   Increase physical memory or swap space
#   Check if swap backing store is full
#   Decrease Java heap size (-Xmx/-Xms)
#   Decrease number of Java threads
#   Decrease Java thread stack sizes (-Xss)
#   Set larger code cache with -XX:ReservedCodeCacheSize=
#   JVM is running with Unscaled Compressed Oops mode in which the Java heap is
#     placed in the first 4GB address space. The Java Heap base address is the
#     maximum limit for the native heap growth. Please use -XX:HeapBaseMinAddress
#     to set the Java Heap base and to place the Java Heap above 4GB virtual address.
# This output file may be truncated or incomplete.
#
#  Out of Memory Error (./open/src/hotspot/share/memory/arena.cpp:197), pid=12080, tid=6736
#
# JRE version: Java(TM) SE Runtime Environment 18.9 (11.0.18+9) (build 11.0.18+9-LTS-195)
# Java VM: Java HotSpot(TM) 64-Bit Server VM 18.9 (11.0.18+9-LTS-195, mixed mode, tiered, compressed oops, g1 gc, windows-amd64)
# No core dump will be written. Minidumps are not enabled by default on client versions of Windows
#

---------------  S U M M A R Y ------------

Command Line: -Xmx1g org.apache.spark.deploy.SparkSubmit --conf spark.app.name=NetEaseClouder pyspark-shell

Host: 13th Gen Intel(R) Core(TM) i5-13500HX, 20 cores, 15G,  Windows 11 , 64 bit Build 22621 (10.0.22621.1928)
Time: Tue Aug  1 11:34:57 2023  Windows 11 , 64 bit Build 22621 (10.0.22621.1928) elapsed time: 6.857871 seconds (0d 0h 0m 6s)

---------------  T H R E A D  ---------------

Current thread (0x000001bea61e5000):  JavaThread "C2 CompilerThread0" daemon [_thread_in_native, id=6736, stack(0x00000094b1100000,0x00000094b1200000)]


Current CompileTask:
C2:   6857 2504       4       java.lang.invoke.MethodType::makeImpl (108 bytes)

Stack: [0x00000094b1100000,0x00000094b1200000]
Native frames: (J=compiled Java code, j=interpreted, Vv=VM code, C=native code)
V  [jvm.dll+0x65d8aa]
V  [jvm.dll+0x79fc1f]
V  [jvm.dll+0x7a12e9]
V  [jvm.dll+0x7a1983]
V  [jvm.dll+0x2585b5]
V  [jvm.dll+0xb284c]
V  [jvm.dll+0xb2e0c]
V  [jvm.dll+0x210a94]
V  [jvm.dll+0x5ed473]
V  [jvm.dll+0x5f071a]
V  [jvm.dll+0x211225]
V  [jvm.dll+0x210378]
V  [jvm.dll+0x18c641]
V  [jvm.dll+0x220609]
V  [jvm.dll+0x21e92c]
V  [jvm.dll+0x763f61]
V  [jvm.dll+0x75c924]
V  [jvm.dll+0x65c755]
C  [ucrtbase.dll+0x29363]
C  [KERNEL32.DLL+0x126ad]
C  [ntdll.dll+0x5aa68]


---------------  P R O C E S S  ---------------

Threads class SMR info:
_java_thread_list=0x000001bea87be4b0, length=62, elements={
0x000001be88f98000, 0x000001bea58ea000, 0x000001bea58eb800, 0x000001bea61e1800,
0x000001bea61e3000, 0x000001bea61e4000, 0x000001bea61e5000, 0x000001bea61e8000,
0x000001bea61ea000, 0x000001bea62e5000, 0x000001bea65c0000, 0x000001bea699f000,
0x000001bea711b800, 0x000001bea874e000, 0x000001bea6339800, 0x000001bea84af000,
0x000001bea9299800, 0x000001bea647c000, 0x000001bea8a8f800, 0x000001bea85ff000,
0x000001bea92a6000, 0x000001bea7fa2800, 0x000001bea7fa3000, 0x000001bea7f85000,
0x000001bea7f86000, 0x000001bea7f86800, 0x000001bea7f87800, 0x000001bea7f88800,
0x000001bea7f89000, 0x000001bea7f8a000, 0x000001bea7f84800, 0x000001bea7f8b000,
0x000001bea75e5800, 0x000001bea75ec000, 0x000001bea75e7000, 0x000001bea75ea800,
0x000001bea75e6800, 0x000001bea75ed000, 0x000001bea75ed800, 0x000001bea75eb000,
0x000001bea75e8000, 0x000001bea75e9800, 0x000001bea75ee800, 0x000001bea75e9000,
0x000001bea75f1000, 0x000001bea75f0000, 0x000001bea75f2800, 0x000001bea75ef800,
0x000001bea75f1800, 0x000001bea75f4000, 0x000001bea75f3800, 0x000001bea7bda800,
0x000001bea7bdb800, 0x000001bea7bdd000, 0x000001bea7bda000, 0x000001bea7bde000,
0x000001bea7be0800, 0x000001bea7be2000, 0x000001bea7bdc800, 0x000001bea7be1800,
0x000001bea7be3800, 0x000001bea7be3000
}

Java Threads: ( => current thread )
  0x000001be88f98000 JavaThread "main" [_thread_in_native, id=27216, stack(0x00000094b0500000,0x00000094b0600000)]
  0x000001bea58ea000 JavaThread "Reference Handler" daemon [_thread_blocked, id=7492, stack(0x00000094b0c00000,0x00000094b0d00000)]
  0x000001bea58eb800 JavaThread "Finalizer" daemon [_thread_blocked, id=22964, stack(0x00000094b0d00000,0x00000094b0e00000)]
  0x000001bea61e1800 JavaThread "Signal Dispatcher" daemon [_thread_blocked, id=14496, stack(0x00000094b0e00000,0x00000094b0f00000)]
  0x000001bea61e3000 JavaThread "Attach Listener" daemon [_thread_blocked, id=22140, stack(0x00000094b0f00000,0x00000094b1000000)]
  0x000001bea61e4000 JavaThread "Service Thread" daemon [_thread_blocked, id=34860, stack(0x00000094b1000000,0x00000094b1100000)]
=>0x000001bea61e5000 JavaThread "C2 CompilerThread0" daemon [_thread_in_native, id=6736, stack(0x00000094b1100000,0x00000094b1200000)]
  0x000001bea61e8000 JavaThread "C1 CompilerThread0" daemon [_thread_blocked, id=23812, stack(0x00000094b1200000,0x00000094b1300000)]
  0x000001bea61ea000 JavaThread "Sweeper thread" daemon [_thread_blocked, id=24620, stack(0x00000094b1300000,0x00000094b1400000)]
  0x000001bea62e5000 JavaThread "C1 CompilerThread1" daemon [_thread_blocked, id=15960, stack(0x00000094b1400000,0x00000094b1500000)]
  0x000001bea65c0000 JavaThread "Common-Cleaner" daemon [_thread_blocked, id=31932, stack(0x00000094b1600000,0x00000094b1700000)]
  0x000001bea699f000 JavaThread "C1 CompilerThread2" daemon [_thread_blocked, id=35316, stack(0x00000094b1800000,0x00000094b1900000)]
  0x000001bea711b800 JavaThread "C1 CompilerThread3" daemon [_thread_blocked, id=30120, stack(0x00000094b1900000,0x00000094b1a00000)]
  0x000001bea874e000 JavaThread "C2 CompilerThread1" daemon [_thread_in_native, id=27516, stack(0x00000094b2100000,0x00000094b2200000)]
  0x000001bea6339800 JavaThread "pool-2-thread-1" [_thread_blocked, id=33052, stack(0x00000094b2300000,0x00000094b2400000)]
  0x000001bea84af000 JavaThread "Thread-1" [_thread_in_native, id=35324, stack(0x00000094b2400000,0x00000094b2500000)]
  0x000001bea9299800 JavaThread "Thread-2" [_thread_in_vm, id=38324, stack(0x00000094b2500000,0x00000094b2600000)]
  0x000001bea647c000 JavaThread "rpc-boss-3-1" daemon [_thread_in_native, id=38776, stack(0x00000094b2200000,0x00000094b2300000)]
  0x000001bea8a8f800 JavaThread "dispatcher-event-loop-0" daemon [_thread_blocked, id=35616, stack(0x00000094b2600000,0x00000094b2700000)]
  0x000001bea85ff000 JavaThread "dispatcher-event-loop-1" daemon [_thread_blocked, id=30804, stack(0x00000094b2700000,0x00000094b2800000)]
  0x000001bea92a6000 JavaThread "dispatcher-event-loop-2" daemon [_thread_blocked, id=33908, stack(0x00000094b2800000,0x00000094b2900000)]
  0x000001bea7fa2800 JavaThread "dispatcher-event-loop-3" daemon [_thread_blocked, id=28472, stack(0x00000094b2900000,0x00000094b2a00000)]
  0x000001bea7fa3000 JavaThread "dispatcher-event-loop-4" daemon [_thread_blocked, id=35624, stack(0x00000094b2a00000,0x00000094b2b00000)]
  0x000001bea7f85000 JavaThread "dispatcher-event-loop-5" daemon [_thread_blocked, id=30752, stack(0x00000094b2b00000,0x00000094b2c00000)]
  0x000001bea7f86000 JavaThread "dispatcher-event-loop-6" daemon [_thread_blocked, id=24700, stack(0x00000094b2c00000,0x00000094b2d00000)]
  0x000001bea7f86800 JavaThread "dispatcher-event-loop-7" daemon [_thread_blocked, id=29712, stack(0x00000094b2d00000,0x00000094b2e00000)]
  0x000001bea7f87800 JavaThread "dispatcher-event-loop-8" daemon [_thread_blocked, id=35172, stack(0x00000094b2e00000,0x00000094b2f00000)]
  0x000001bea7f88800 JavaThread "dispatcher-event-loop-9" daemon [_thread_blocked, id=22048, stack(0x00000094b2f00000,0x00000094b3000000)]
  0x000001bea7f89000 JavaThread "dispatcher-event-loop-10" daemon [_thread_blocked, id=38656, stack(0x00000094b3000000,0x00000094b3100000)]
  0x000001bea7f8a000 JavaThread "dispatcher-event-loop-11" daemon [_thread_blocked, id=30828, stack(0x00000094b3100000,0x00000094b3200000)]
  0x000001bea7f84800 JavaThread "dispatcher-event-loop-12" daemon [_thread_blocked, id=16516, stack(0x00000094b3200000,0x00000094b3300000)]
  0x000001bea7f8b000 JavaThread "dispatcher-event-loop-13" daemon [_thread_blocked, id=38136, stack(0x00000094b3300000,0x00000094b3400000)]
  0x000001bea75e5800 JavaThread "dispatcher-event-loop-14" daemon [_thread_blocked, id=6932, stack(0x00000094b3400000,0x00000094b3500000)]
  0x000001bea75ec000 JavaThread "dispatcher-event-loop-15" daemon [_thread_blocked, id=38272, stack(0x00000094b3500000,0x00000094b3600000)]
  0x000001bea75e7000 JavaThread "dispatcher-event-loop-16" daemon [_thread_blocked, id=33816, stack(0x00000094b3600000,0x00000094b3700000)]
  0x000001bea75ea800 JavaThread "dispatcher-event-loop-17" daemon [_thread_blocked, id=30796, stack(0x00000094b3700000,0x00000094b3800000)]
  0x000001bea75e6800 JavaThread "dispatcher-event-loop-18" daemon [_thread_blocked, id=37724, stack(0x00000094b3800000,0x00000094b3900000)]
  0x000001bea75ed000 JavaThread "dispatcher-event-loop-19" daemon [_thread_blocked, id=27408, stack(0x00000094b3900000,0x00000094b3a00000)]
  0x000001bea75ed800 JavaThread "map-output-dispatcher-0" daemon [_thread_blocked, id=22688, stack(0x00000094b3a00000,0x00000094b3b00000)]
  0x000001bea75eb000 JavaThread "map-output-dispatcher-1" daemon [_thread_blocked, id=3980, stack(0x00000094b3b00000,0x00000094b3c00000)]
  0x000001bea75e8000 JavaThread "map-output-dispatcher-2" daemon [_thread_blocked, id=38648, stack(0x00000094b3c00000,0x00000094b3d00000)]
  0x000001bea75e9800 JavaThread "map-output-dispatcher-3" daemon [_thread_blocked, id=10888, stack(0x00000094b3d00000,0x00000094b3e00000)]
  0x000001bea75ee800 JavaThread "map-output-dispatcher-4" daemon [_thread_blocked, id=31280, stack(0x00000094b3e00000,0x00000094b3f00000)]
  0x000001bea75e9000 JavaThread "map-output-dispatcher-5" daemon [_thread_blocked, id=22112, stack(0x00000094b3f00000,0x00000094b4000000)]
  0x000001bea75f1000 JavaThread "map-output-dispatcher-6" daemon [_thread_blocked, id=37384, stack(0x00000094b4000000,0x00000094b4100000)]
  0x000001bea75f0000 JavaThread "map-output-dispatcher-7" daemon [_thread_blocked, id=37772, stack(0x00000094b4100000,0x00000094b4200000)]
  0x000001bea75f2800 JavaThread "dispatcher-BlockManagerMaster" daemon [_thread_blocked, id=26836, stack(0x00000094b4200000,0x00000094b4300000)]
  0x000001bea75ef800 JavaThread "dispatcher-BlockManagerEndpoint1" daemon [_thread_blocked, id=38052, stack(0x00000094b4500000,0x00000094b4600000)]
  0x000001bea75f1800 JavaThread "RemoteBlock-temp-file-clean-thread" daemon [_thread_blocked, id=14608, stack(0x00000094b4600000,0x00000094b4700000)]
  0x000001bea75f4000 JavaThread "refresh progress" daemon [_thread_blocked, id=32984, stack(0x00000094b4700000,0x00000094b4800000)]
  0x000001bea75f3800 JavaThread "SparkUI-60" daemon [_thread_in_native, id=26252, stack(0x00000094b4800000,0x00000094b4900000)]
  0x000001bea7bda800 JavaThread "SparkUI-61" daemon [_thread_in_native, id=15728, stack(0x00000094b4900000,0x00000094b4a00000)]
  0x000001bea7bdb800 JavaThread "SparkUI-62" daemon [_thread_in_native, id=34616, stack(0x00000094b4a00000,0x00000094b4b00000)]
  0x000001bea7bdd000 JavaThread "SparkUI-63" daemon [_thread_in_native, id=36588, stack(0x00000094b4b00000,0x00000094b4c00000)]
  0x000001bea7bda000 JavaThread "SparkUI-64" daemon [_thread_in_native, id=15792, stack(0x00000094b4c00000,0x00000094b4d00000)]
  0x000001bea7bde000 JavaThread "SparkUI-65" daemon [_thread_in_native, id=28068, stack(0x00000094b4d00000,0x00000094b4e00000)]
  0x000001bea7be0800 JavaThread "SparkUI-66" daemon [_thread_in_native, id=30992, stack(0x00000094b4e00000,0x00000094b4f00000)]
  0x000001bea7be2000 JavaThread "SparkUI-67" daemon [_thread_in_native, id=30748, stack(0x00000094b4f00000,0x00000094b5000000)]
  0x000001bea7bdc800 JavaThread "SparkUI-68" daemon [_thread_in_native, id=35368, stack(0x00000094b5000000,0x00000094b5100000)]
  0x000001bea7be1800 JavaThread "SparkUI-69" daemon [_thread_in_native, id=27072, stack(0x00000094b5100000,0x00000094b5200000)]
  0x000001bea7be3800 JavaThread "SparkUI-70-acceptor-0@2a985956-Spark@245fb275{HTTP/1.1, (http/1.1)}{0.0.0.0:4041}" daemon [_thread_blocked, id=6676, stack(0x00000094b5200000,0x00000094b5300000)]
  0x000001bea7be3000 JavaThread "SparkUI-71-acceptor-1@26b0ee57-Spark@245fb275{HTTP/1.1, (http/1.1)}{0.0.0.0:4041}" daemon [_thread_in_native, id=16672, stack(0x00000094b5300000,0x00000094b5400000)]

Other Threads:
  0x000001bea58e8000 VMThread "VM Thread" [stack: 0x00000094b0b00000,0x00000094b0c00000] [id=26556]
  0x000001bea64a9800 WatcherThread [stack: 0x00000094b1500000,0x00000094b1600000] [id=29076]
  0x000001be88faf800 GCTaskThread "GC Thread#0" [stack: 0x00000094b0600000,0x00000094b0700000] [id=25136]
  0x000001bea76f4000 GCTaskThread "GC Thread#1" [stack: 0x00000094b1a00000,0x00000094b1b00000] [id=32560]
  0x000001bea7485800 GCTaskThread "GC Thread#2" [stack: 0x00000094b1b00000,0x00000094b1c00000] [id=4708]
  0x000001bea7c6b800 GCTaskThread "GC Thread#3" [stack: 0x00000094b1c00000,0x00000094b1d00000] [id=38792]
  0x000001bea781f000 GCTaskThread "GC Thread#4" [stack: 0x00000094b1d00000,0x00000094b1e00000] [id=33128]
  0x000001bea7b18000 GCTaskThread "GC Thread#5" [stack: 0x00000094b1e00000,0x00000094b1f00000] [id=38748]
  0x000001bea8774800 GCTaskThread "GC Thread#6" [stack: 0x00000094b4300000,0x00000094b4400000] [id=32228]
  0x000001bea878c000 GCTaskThread "GC Thread#7" [stack: 0x00000094b4400000,0x00000094b4500000] [id=36152]
  0x000001be88fc8800 ConcurrentGCThread "G1 Main Marker" [stack: 0x00000094b0700000,0x00000094b0800000] [id=15764]
  0x000001be88fcb000 ConcurrentGCThread "G1 Conc#0" [stack: 0x00000094b0800000,0x00000094b0900000] [id=36060]
  0x000001bea7a98800 ConcurrentGCThread "G1 Conc#1" [stack: 0x00000094b1700000,0x00000094b1800000] [id=30740]
  0x000001bea6482000 ConcurrentGCThread "G1 Conc#2" [stack: 0x00000094b1f00000,0x00000094b2000000] [id=21784]
  0x000001bea85fc000 ConcurrentGCThread "G1 Conc#3" [stack: 0x00000094b2000000,0x00000094b2100000] [id=33996]
  0x000001bea57b3000 ConcurrentGCThread "G1 Refine#0" [stack: 0x00000094b0900000,0x00000094b0a00000] [id=13136]
  0x000001bea57b6000 ConcurrentGCThread "G1 Young RemSet Sampling" [stack: 0x00000094b0a00000,0x00000094b0b00000] [id=36472]

Threads with active compile tasks:
C2 CompilerThread0     6871 2504       4       java.lang.invoke.MethodType::makeImpl (108 bytes)
C2 CompilerThread1     6871 2508   !   4       jdk.internal.loader.BuiltinClassLoader::loadClassOrNull (143 bytes)

VM state:at safepoint (normal execution)

VM Mutex/Monitor currently owned by a thread: None

Heap address: 0x00000000c0000000, size: 1024 MB, Compressed Oops mode: 32-bit
Narrow klass base: 0x0000000000000000, Narrow klass shift: 3
Compressed class space size: 1073741824 Address: 0x0000000100000000

Heap:
 garbage-first heap   total 258048K, used 39270K [0x00000000c0000000, 0x0000000100000000)
  region size 1024K, 25 young (25600K), 8 survivors (8192K)
 Metaspace       used 36770K, capacity 37900K, committed 38192K, reserved 1081344K
  class space    used 4914K, capacity 5445K, committed 5504K, reserved 1048576K
Heap Regions: E=young(eden), S=young(survivor), O=old, HS=humongous(starts), HC=humongous(continues), CS=collection set, F=free, A=archive, TAMS=top-at-mark-start (previous, next)
|   0|0x00000000c0000000, 0x00000000c0100000, 0x00000000c0100000|100%|HS|  |TAMS 0x00000000c0100000, 0x00000000c0000000| Complete 
|   1|0x00000000c0100000, 0x00000000c0200000, 0x00000000c0200000|100%|HS|  |TAMS 0x00000000c0200000, 0x00000000c0100000| Complete 
|   2|0x00000000c0200000, 0x00000000c0300000, 0x00000000c0300000|100%|HS|  |TAMS 0x00000000c0300000, 0x00000000c0200000| Complete 
|   3|0x00000000c0300000, 0x00000000c0400000, 0x00000000c0400000|100%| O|  |TAMS 0x00000000c0400000, 0x00000000c0300000| Untracked 
|   4|0x00000000c0400000, 0x00000000c0500000, 0x00000000c0500000|100%| O|  |TAMS 0x00000000c0500000, 0x00000000c0400000| Untracked 
|   5|0x00000000c0500000, 0x00000000c0600000, 0x00000000c0600000|100%| O|  |TAMS 0x00000000c0600000, 0x00000000c0500000| Untracked 
|   6|0x00000000c0600000, 0x00000000c0700000, 0x00000000c0700000|100%| O|  |TAMS 0x00000000c0700000, 0x00000000c0600000| Untracked 
|   7|0x00000000c0700000, 0x00000000c0800000, 0x00000000c0800000|100%| O|  |TAMS 0x00000000c0800000, 0x00000000c0700000| Untracked 
|   8|0x00000000c0800000, 0x00000000c0900000, 0x00000000c0900000|100%| O|  |TAMS 0x00000000c0900000, 0x00000000c0800000| Untracked 
|   9|0x00000000c0900000, 0x00000000c0a00000, 0x00000000c0a00000|100%| O|  |TAMS 0x00000000c0a00000, 0x00000000c0900000| Untracked 
|  10|0x00000000c0a00000, 0x00000000c0b00000, 0x00000000c0b00000|100%| O|  |TAMS 0x00000000c0b00000, 0x00000000c0a00000| Untracked 
|  11|0x00000000c0b00000, 0x00000000c0c00000, 0x00000000c0c00000|100%| O|  |TAMS 0x00000000c0c00000, 0x00000000c0b00000| Untracked 
|  12|0x00000000c0c00000, 0x00000000c0d00000, 0x00000000c0d00000|100%| O|  |TAMS 0x00000000c0d00000, 0x00000000c0c00000| Untracked 
|  13|0x00000000c0d00000, 0x00000000c0e00000, 0x00000000c0e00000|100%| O|  |TAMS 0x00000000c0e00000, 0x00000000c0d00000| Untracked 
|  14|0x00000000c0e00000, 0x00000000c0f00000, 0x00000000c0f00000|100%| O|  |TAMS 0x00000000c0f00000, 0x00000000c0e00000| Untracked 
|  15|0x00000000c0f00000, 0x00000000c0f3de00, 0x00000000c1000000| 24%| O|  |TAMS 0x00000000c0f3de00, 0x00000000c0f00000| Untracked 
|  16|0x00000000c1000000, 0x00000000c1000000, 0x00000000c1100000|  0%| F|  |TAMS 0x00000000c1000000, 0x00000000c1000000| Untracked 
|  17|0x00000000c1100000, 0x00000000c1100000, 0x00000000c1200000|  0%| F|  |TAMS 0x00000000c1100000, 0x00000000c1100000| Untracked 
|  18|0x00000000c1200000, 0x00000000c1200000, 0x00000000c1300000|  0%| F|  |TAMS 0x00000000c1200000, 0x00000000c1200000| Untracked 
|  19|0x00000000c1300000, 0x00000000c1300000, 0x00000000c1400000|  0%| F|  |TAMS 0x00000000c1300000, 0x00000000c1300000| Untracked 
|  20|0x00000000c1400000, 0x00000000c1400000, 0x00000000c1500000|  0%| F|  |TAMS 0x00000000c1400000, 0x00000000c1400000| Untracked 
|  21|0x00000000c1500000, 0x00000000c1500000, 0x00000000c1600000|  0%| F|  |TAMS 0x00000000c1500000, 0x00000000c1500000| Untracked 
|  22|0x00000000c1600000, 0x00000000c1600000, 0x00000000c1700000|  0%| F|  |TAMS 0x00000000c1600000, 0x00000000c1600000| Untracked 
|  23|0x00000000c1700000, 0x00000000c1700000, 0x00000000c1800000|  0%| F|  |TAMS 0x00000000c1700000, 0x00000000c1700000| Untracked 
|  24|0x00000000c1800000, 0x00000000c1800000, 0x00000000c1900000|  0%| F|  |TAMS 0x00000000c1800000, 0x00000000c1800000| Untracked 
|  25|0x00000000c1900000, 0x00000000c1900000, 0x00000000c1a00000|  0%| F|  |TAMS 0x00000000c1900000, 0x00000000c1900000| Untracked 
|  26|0x00000000c1a00000, 0x00000000c1a00000, 0x00000000c1b00000|  0%| F|  |TAMS 0x00000000c1a00000, 0x00000000c1a00000| Untracked 
|  27|0x00000000c1b00000, 0x00000000c1b00000, 0x00000000c1c00000|  0%| F|  |TAMS 0x00000000c1b00000, 0x00000000c1b00000| Untracked 
|  28|0x00000000c1c00000, 0x00000000c1c00000, 0x00000000c1d00000|  0%| F|  |TAMS 0x00000000c1c00000, 0x00000000c1c00000| Untracked 
|  29|0x00000000c1d00000, 0x00000000c1d00000, 0x00000000c1e00000|  0%| F|  |TAMS 0x00000000c1d00000, 0x00000000c1d00000| Untracked 
|  30|0x00000000c1e00000, 0x00000000c1e00000, 0x00000000c1f00000|  0%| F|  |TAMS 0x00000000c1e00000, 0x00000000c1e00000| Untracked 
|  31|0x00000000c1f00000, 0x00000000c1f00000, 0x00000000c2000000|  0%| F|  |TAMS 0x00000000c1f00000, 0x00000000c1f00000| Untracked 
|  32|0x00000000c2000000, 0x00000000c2000000, 0x00000000c2100000|  0%| F|  |TAMS 0x00000000c2000000, 0x00000000c2000000| Untracked 
|  33|0x00000000c2100000, 0x00000000c2100000, 0x00000000c2200000|  0%| F|  |TAMS 0x00000000c2100000, 0x00000000c2100000| Untracked 
|  34|0x00000000c2200000, 0x00000000c2200000, 0x00000000c2300000|  0%| F|  |TAMS 0x00000000c2200000, 0x00000000c2200000| Untracked 
|  35|0x00000000c2300000, 0x00000000c2300000, 0x00000000c2400000|  0%| F|  |TAMS 0x00000000c2300000, 0x00000000c2300000| Untracked 
|  36|0x00000000c2400000, 0x00000000c2400000, 0x00000000c2500000|  0%| F|  |TAMS 0x00000000c2400000, 0x00000000c2400000| Untracked 
|  37|0x00000000c2500000, 0x00000000c2500000, 0x00000000c2600000|  0%| F|  |TAMS 0x00000000c2500000, 0x00000000c2500000| Untracked 
|  38|0x00000000c2600000, 0x00000000c2600000, 0x00000000c2700000|  0%| F|  |TAMS 0x00000000c2600000, 0x00000000c2600000| Untracked 
|  39|0x00000000c2700000, 0x00000000c2700000, 0x00000000c2800000|  0%| F|  |TAMS 0x00000000c2700000, 0x00000000c2700000| Untracked 
|  40|0x00000000c2800000, 0x00000000c2800000, 0x00000000c2900000|  0%| F|  |TAMS 0x00000000c2800000, 0x00000000c2800000| Untracked 
|  41|0x00000000c2900000, 0x00000000c2900000, 0x00000000c2a00000|  0%| F|  |TAMS 0x00000000c2900000, 0x00000000c2900000| Untracked 
|  42|0x00000000c2a00000, 0x00000000c2a00000, 0x00000000c2b00000|  0%| F|  |TAMS 0x00000000c2a00000, 0x00000000c2a00000| Untracked 
|  43|0x00000000c2b00000, 0x00000000c2b00000, 0x00000000c2c00000|  0%| F|  |TAMS 0x00000000c2b00000, 0x00000000c2b00000| Untracked 
|  44|0x00000000c2c00000, 0x00000000c2c00000, 0x00000000c2d00000|  0%| F|  |TAMS 0x00000000c2c00000, 0x00000000c2c00000| Untracked 
|  45|0x00000000c2d00000, 0x00000000c2d00000, 0x00000000c2e00000|  0%| F|  |TAMS 0x00000000c2d00000, 0x00000000c2d00000| Untracked 
|  46|0x00000000c2e00000, 0x00000000c2e00000, 0x00000000c2f00000|  0%| F|  |TAMS 0x00000000c2e00000, 0x00000000c2e00000| Untracked 
|  47|0x00000000c2f00000, 0x00000000c2f00000, 0x00000000c3000000|  0%| F|  |TAMS 0x00000000c2f00000, 0x00000000c2f00000| Untracked 
|  48|0x00000000c3000000, 0x00000000c3000000, 0x00000000c3100000|  0%| F|  |TAMS 0x00000000c3000000, 0x00000000c3000000| Untracked 
|  49|0x00000000c3100000, 0x00000000c3100000, 0x00000000c3200000|  0%| F|  |TAMS 0x00000000c3100000, 0x00000000c3100000| Untracked 
|  50|0x00000000c3200000, 0x00000000c3200000, 0x00000000c3300000|  0%| F|  |TAMS 0x00000000c3200000, 0x00000000c3200000| Untracked 
|  51|0x00000000c3300000, 0x00000000c3300000, 0x00000000c3400000|  0%| F|  |TAMS 0x00000000c3300000, 0x00000000c3300000| Untracked 
|  52|0x00000000c3400000, 0x00000000c3400000, 0x00000000c3500000|  0%| F|  |TAMS 0x00000000c3400000, 0x00000000c3400000| Untracked 
|  53|0x00000000c3500000, 0x00000000c3500000, 0x00000000c3600000|  0%| F|  |TAMS 0x00000000c3500000, 0x00000000c3500000| Untracked 
|  54|0x00000000c3600000, 0x00000000c3600000, 0x00000000c3700000|  0%| F|  |TAMS 0x00000000c3600000, 0x00000000c3600000| Untracked 
|  55|0x00000000c3700000, 0x00000000c3700000, 0x00000000c3800000|  0%| F|  |TAMS 0x00000000c3700000, 0x00000000c3700000| Untracked 
|  56|0x00000000c3800000, 0x00000000c3800000, 0x00000000c3900000|  0%| F|  |TAMS 0x00000000c3800000, 0x00000000c3800000| Untracked 
|  57|0x00000000c3900000, 0x00000000c3900000, 0x00000000c3a00000|  0%| F|  |TAMS 0x00000000c3900000, 0x00000000c3900000| Untracked 
|  58|0x00000000c3a00000, 0x00000000c3a00000, 0x00000000c3b00000|  0%| F|  |TAMS 0x00000000c3a00000, 0x00000000c3a00000| Untracked 
|  59|0x00000000c3b00000, 0x00000000c3b00000, 0x00000000c3c00000|  0%| F|  |TAMS 0x00000000c3b00000, 0x00000000c3b00000| Untracked 
|  60|0x00000000c3c00000, 0x00000000c3c00000, 0x00000000c3d00000|  0%| F|  |TAMS 0x00000000c3c00000, 0x00000000c3c00000| Untracked 
|  61|0x00000000c3d00000, 0x00000000c3d00000, 0x00000000c3e00000|  0%| F|  |TAMS 0x00000000c3d00000, 0x00000000c3d00000| Untracked 
|  62|0x00000000c3e00000, 0x00000000c3e00000, 0x00000000c3f00000|  0%| F|  |TAMS 0x00000000c3e00000, 0x00000000c3e00000| Untracked 
|  63|0x00000000c3f00000, 0x00000000c3f00000, 0x00000000c4000000|  0%| F|  |TAMS 0x00000000c3f00000, 0x00000000c3f00000| Untracked 
|  64|0x00000000c4000000, 0x00000000c4000000, 0x00000000c4100000|  0%| F|  |TAMS 0x00000000c4000000, 0x00000000c4000000| Untracked 
|  65|0x00000000c4100000, 0x00000000c4100000, 0x00000000c4200000|  0%| F|  |TAMS 0x00000000c4100000, 0x00000000c4100000| Untracked 
|  66|0x00000000c4200000, 0x00000000c4200000, 0x00000000c4300000|  0%| F|  |TAMS 0x00000000c4200000, 0x00000000c4200000| Untracked 
|  67|0x00000000c4300000, 0x00000000c4300000, 0x00000000c4400000|  0%| F|  |TAMS 0x00000000c4300000, 0x00000000c4300000| Untracked 
|  68|0x00000000c4400000, 0x00000000c4400000, 0x00000000c4500000|  0%| F|  |TAMS 0x00000000c4400000, 0x00000000c4400000| Untracked 
|  69|0x00000000c4500000, 0x00000000c4500000, 0x00000000c4600000|  0%| F|  |TAMS 0x00000000c4500000, 0x00000000c4500000| Untracked 
|  70|0x00000000c4600000, 0x00000000c4600000, 0x00000000c4700000|  0%| F|  |TAMS 0x00000000c4600000, 0x00000000c4600000| Untracked 
|  71|0x00000000c4700000, 0x00000000c4700000, 0x00000000c4800000|  0%| F|  |TAMS 0x00000000c4700000, 0x00000000c4700000| Untracked 
|  72|0x00000000c4800000, 0x00000000c4800000, 0x00000000c4900000|  0%| F|  |TAMS 0x00000000c4800000, 0x00000000c4800000| Untracked 
|  73|0x00000000c4900000, 0x00000000c4900000, 0x00000000c4a00000|  0%| F|  |TAMS 0x00000000c4900000, 0x00000000c4900000| Untracked 
|  74|0x00000000c4a00000, 0x00000000c4a00000, 0x00000000c4b00000|  0%| F|  |TAMS 0x00000000c4a00000, 0x00000000c4a00000| Untracked 
|  75|0x00000000c4b00000, 0x00000000c4b00000, 0x00000000c4c00000|  0%| F|  |TAMS 0x00000000c4b00000, 0x00000000c4b00000| Untracked 
|  76|0x00000000c4c00000, 0x00000000c4c00000, 0x00000000c4d00000|  0%| F|  |TAMS 0x00000000c4c00000, 0x00000000c4c00000| Untracked 
|  77|0x00000000c4d00000, 0x00000000c4d00000, 0x00000000c4e00000|  0%| F|  |TAMS 0x00000000c4d00000, 0x00000000c4d00000| Untracked 
|  78|0x00000000c4e00000, 0x00000000c4e00000, 0x00000000c4f00000|  0%| F|  |TAMS 0x00000000c4e00000, 0x00000000c4e00000| Untracked 
|  79|0x00000000c4f00000, 0x00000000c4f00000, 0x00000000c5000000|  0%| F|  |TAMS 0x00000000c4f00000, 0x00000000c4f00000| Untracked 
|  80|0x00000000c5000000, 0x00000000c5000000, 0x00000000c5100000|  0%| F|  |TAMS 0x00000000c5000000, 0x00000000c5000000| Untracked 
|  81|0x00000000c5100000, 0x00000000c5100000, 0x00000000c5200000|  0%| F|  |TAMS 0x00000000c5100000, 0x00000000c5100000| Untracked 
|  82|0x00000000c5200000, 0x00000000c5200000, 0x00000000c5300000|  0%| F|  |TAMS 0x00000000c5200000, 0x00000000c5200000| Untracked 
|  83|0x00000000c5300000, 0x00000000c5300000, 0x00000000c5400000|  0%| F|  |TAMS 0x00000000c5300000, 0x00000000c5300000| Untracked 
|  84|0x00000000c5400000, 0x00000000c5400000, 0x00000000c5500000|  0%| F|  |TAMS 0x00000000c5400000, 0x00000000c5400000| Untracked 
|  85|0x00000000c5500000, 0x00000000c5500000, 0x00000000c5600000|  0%| F|  |TAMS 0x00000000c5500000, 0x00000000c5500000| Untracked 
|  86|0x00000000c5600000, 0x00000000c5600000, 0x00000000c5700000|  0%| F|  |TAMS 0x00000000c5600000, 0x00000000c5600000| Untracked 
|  87|0x00000000c5700000, 0x00000000c5700000, 0x00000000c5800000|  0%| F|  |TAMS 0x00000000c5700000, 0x00000000c5700000| Untracked 
|  88|0x00000000c5800000, 0x00000000c5800000, 0x00000000c5900000|  0%| F|  |TAMS 0x00000000c5800000, 0x00000000c5800000| Untracked 
|  89|0x00000000c5900000, 0x00000000c5900000, 0x00000000c5a00000|  0%| F|  |TAMS 0x00000000c5900000, 0x00000000c5900000| Untracked 
|  90|0x00000000c5a00000, 0x00000000c5a00000, 0x00000000c5b00000|  0%| F|  |TAMS 0x00000000c5a00000, 0x00000000c5a00000| Untracked 
|  91|0x00000000c5b00000, 0x00000000c5b00000, 0x00000000c5c00000|  0%| F|  |TAMS 0x00000000c5b00000, 0x00000000c5b00000| Untracked 
|  92|0x00000000c5c00000, 0x00000000c5c00000, 0x00000000c5d00000|  0%| F|  |TAMS 0x00000000c5c00000, 0x00000000c5c00000| Untracked 
|  93|0x00000000c5d00000, 0x00000000c5d00000, 0x00000000c5e00000|  0%| F|  |TAMS 0x00000000c5d00000, 0x00000000c5d00000| Untracked 
|  94|0x00000000c5e00000, 0x00000000c5e00000, 0x00000000c5f00000|  0%| F|  |TAMS 0x00000000c5e00000, 0x00000000c5e00000| Untracked 
|  95|0x00000000c5f00000, 0x00000000c5f00000, 0x00000000c6000000|  0%| F|  |TAMS 0x00000000c5f00000, 0x00000000c5f00000| Untracked 
|  96|0x00000000c6000000, 0x00000000c6000000, 0x00000000c6100000|  0%| F|  |TAMS 0x00000000c6000000, 0x00000000c6000000| Untracked 
|  97|0x00000000c6100000, 0x00000000c6100000, 0x00000000c6200000|  0%| F|  |TAMS 0x00000000c6100000, 0x00000000c6100000| Untracked 
|  98|0x00000000c6200000, 0x00000000c6200000, 0x00000000c6300000|  0%| F|  |TAMS 0x00000000c6200000, 0x00000000c6200000| Untracked 
|  99|0x00000000c6300000, 0x00000000c6300000, 0x00000000c6400000|  0%| F|  |TAMS 0x00000000c6300000, 0x00000000c6300000| Untracked 
| 100|0x00000000c6400000, 0x00000000c6400000, 0x00000000c6500000|  0%| F|  |TAMS 0x00000000c6400000, 0x00000000c6400000| Untracked 
| 101|0x00000000c6500000, 0x00000000c6500000, 0x00000000c6600000|  0%| F|  |TAMS 0x00000000c6500000, 0x00000000c6500000| Untracked 
| 102|0x00000000c6600000, 0x00000000c6600000, 0x00000000c6700000|  0%| F|  |TAMS 0x00000000c6600000, 0x00000000c6600000| Untracked 
| 103|0x00000000c6700000, 0x00000000c6700000, 0x00000000c6800000|  0%| F|  |TAMS 0x00000000c6700000, 0x00000000c6700000| Untracked 
| 104|0x00000000c6800000, 0x00000000c6800000, 0x00000000c6900000|  0%| F|  |TAMS 0x00000000c6800000, 0x00000000c6800000| Untracked 
| 105|0x00000000c6900000, 0x00000000c6900000, 0x00000000c6a00000|  0%| F|  |TAMS 0x00000000c6900000, 0x00000000c6900000| Untracked 
| 106|0x00000000c6a00000, 0x00000000c6a00000, 0x00000000c6b00000|  0%| F|  |TAMS 0x00000000c6a00000, 0x00000000c6a00000| Untracked 
| 107|0x00000000c6b00000, 0x00000000c6b00000, 0x00000000c6c00000|  0%| F|  |TAMS 0x00000000c6b00000, 0x00000000c6b00000| Untracked 
| 108|0x00000000c6c00000, 0x00000000c6c00000, 0x00000000c6d00000|  0%| F|  |TAMS 0x00000000c6c00000, 0x00000000c6c00000| Untracked 
| 109|0x00000000c6d00000, 0x00000000c6d00000, 0x00000000c6e00000|  0%| F|  |TAMS 0x00000000c6d00000, 0x00000000c6d00000| Untracked 
| 110|0x00000000c6e00000, 0x00000000c6e00000, 0x00000000c6f00000|  0%| F|  |TAMS 0x00000000c6e00000, 0x00000000c6e00000| Untracked 
| 111|0x00000000c6f00000, 0x00000000c6f00000, 0x00000000c7000000|  0%| F|  |TAMS 0x00000000c6f00000, 0x00000000c6f00000| Untracked 
| 112|0x00000000c7000000, 0x00000000c7000000, 0x00000000c7100000|  0%| F|  |TAMS 0x00000000c7000000, 0x00000000c7000000| Untracked 
| 113|0x00000000c7100000, 0x00000000c7100000, 0x00000000c7200000|  0%| F|  |TAMS 0x00000000c7100000, 0x00000000c7100000| Untracked 
| 114|0x00000000c7200000, 0x00000000c7200000, 0x00000000c7300000|  0%| F|  |TAMS 0x00000000c7200000, 0x00000000c7200000| Untracked 
| 115|0x00000000c7300000, 0x00000000c7300000, 0x00000000c7400000|  0%| F|  |TAMS 0x00000000c7300000, 0x00000000c7300000| Untracked 
| 116|0x00000000c7400000, 0x00000000c7400000, 0x00000000c7500000|  0%| F|  |TAMS 0x00000000c7400000, 0x00000000c7400000| Untracked 
| 117|0x00000000c7500000, 0x00000000c7500000, 0x00000000c7600000|  0%| F|  |TAMS 0x00000000c7500000, 0x00000000c7500000| Untracked 
| 118|0x00000000c7600000, 0x00000000c7600000, 0x00000000c7700000|  0%| F|  |TAMS 0x00000000c7600000, 0x00000000c7600000| Untracked 
| 119|0x00000000c7700000, 0x00000000c7700000, 0x00000000c7800000|  0%| F|  |TAMS 0x00000000c7700000, 0x00000000c7700000| Untracked 
| 120|0x00000000c7800000, 0x00000000c7800000, 0x00000000c7900000|  0%| F|  |TAMS 0x00000000c7800000, 0x00000000c7800000| Untracked 
| 121|0x00000000c7900000, 0x00000000c7900000, 0x00000000c7a00000|  0%| F|  |TAMS 0x00000000c7900000, 0x00000000c7900000| Untracked 
| 122|0x00000000c7a00000, 0x00000000c7a00000, 0x00000000c7b00000|  0%| F|  |TAMS 0x00000000c7a00000, 0x00000000c7a00000| Untracked 
| 123|0x00000000c7b00000, 0x00000000c7b00000, 0x00000000c7c00000|  0%| F|  |TAMS 0x00000000c7b00000, 0x00000000c7b00000| Untracked 
| 124|0x00000000c7c00000, 0x00000000c7c00000, 0x00000000c7d00000|  0%| F|  |TAMS 0x00000000c7c00000, 0x00000000c7c00000| Untracked 
| 125|0x00000000c7d00000, 0x00000000c7d00000, 0x00000000c7e00000|  0%| F|  |TAMS 0x00000000c7d00000, 0x00000000c7d00000| Untracked 
| 126|0x00000000c7e00000, 0x00000000c7e00000, 0x00000000c7f00000|  0%| F|  |TAMS 0x00000000c7e00000, 0x00000000c7e00000| Untracked 
| 127|0x00000000c7f00000, 0x00000000c7f00000, 0x00000000c8000000|  0%| F|  |TAMS 0x00000000c7f00000, 0x00000000c7f00000| Untracked 
| 128|0x00000000c8000000, 0x00000000c8000000, 0x00000000c8100000|  0%| F|  |TAMS 0x00000000c8000000, 0x00000000c8000000| Untracked 
| 129|0x00000000c8100000, 0x00000000c8100000, 0x00000000c8200000|  0%| F|  |TAMS 0x00000000c8100000, 0x00000000c8100000| Untracked 
| 130|0x00000000c8200000, 0x00000000c8200000, 0x00000000c8300000|  0%| F|  |TAMS 0x00000000c8200000, 0x00000000c8200000| Untracked 
| 131|0x00000000c8300000, 0x00000000c8300000, 0x00000000c8400000|  0%| F|  |TAMS 0x00000000c8300000, 0x00000000c8300000| Untracked 
| 132|0x00000000c8400000, 0x00000000c8400000, 0x00000000c8500000|  0%| F|  |TAMS 0x00000000c8400000, 0x00000000c8400000| Untracked 
| 133|0x00000000c8500000, 0x00000000c8500000, 0x00000000c8600000|  0%| F|  |TAMS 0x00000000c8500000, 0x00000000c8500000| Untracked 
| 134|0x00000000c8600000, 0x00000000c8600000, 0x00000000c8700000|  0%| F|  |TAMS 0x00000000c8600000, 0x00000000c8600000| Untracked 
| 135|0x00000000c8700000, 0x00000000c8700000, 0x00000000c8800000|  0%| F|  |TAMS 0x00000000c8700000, 0x00000000c8700000| Untracked 
| 136|0x00000000c8800000, 0x00000000c8800000, 0x00000000c8900000|  0%| F|  |TAMS 0x00000000c8800000, 0x00000000c8800000| Untracked 
| 137|0x00000000c8900000, 0x00000000c8900000, 0x00000000c8a00000|  0%| F|  |TAMS 0x00000000c8900000, 0x00000000c8900000| Untracked 
| 138|0x00000000c8a00000, 0x00000000c8a00000, 0x00000000c8b00000|  0%| F|  |TAMS 0x00000000c8a00000, 0x00000000c8a00000| Untracked 
| 139|0x00000000c8b00000, 0x00000000c8b00000, 0x00000000c8c00000|  0%| F|  |TAMS 0x00000000c8b00000, 0x00000000c8b00000| Untracked 
| 140|0x00000000c8c00000, 0x00000000c8c00000, 0x00000000c8d00000|  0%| F|  |TAMS 0x00000000c8c00000, 0x00000000c8c00000| Untracked 
| 141|0x00000000c8d00000, 0x00000000c8d00000, 0x00000000c8e00000|  0%| F|  |TAMS 0x00000000c8d00000, 0x00000000c8d00000| Untracked 
| 142|0x00000000c8e00000, 0x00000000c8e00000, 0x00000000c8f00000|  0%| F|  |TAMS 0x00000000c8e00000, 0x00000000c8e00000| Untracked 
| 143|0x00000000c8f00000, 0x00000000c8f00000, 0x00000000c9000000|  0%| F|  |TAMS 0x00000000c8f00000, 0x00000000c8f00000| Untracked 
| 144|0x00000000c9000000, 0x00000000c9000000, 0x00000000c9100000|  0%| F|  |TAMS 0x00000000c9000000, 0x00000000c9000000| Untracked 
| 145|0x00000000c9100000, 0x00000000c9100000, 0x00000000c9200000|  0%| F|  |TAMS 0x00000000c9100000, 0x00000000c9100000| Untracked 
| 146|0x00000000c9200000, 0x00000000c9200000, 0x00000000c9300000|  0%| F|  |TAMS 0x00000000c9200000, 0x00000000c9200000| Untracked 
| 147|0x00000000c9300000, 0x00000000c9300000, 0x00000000c9400000|  0%| F|  |TAMS 0x00000000c9300000, 0x00000000c9300000| Untracked 
| 148|0x00000000c9400000, 0x00000000c9400000, 0x00000000c9500000|  0%| F|  |TAMS 0x00000000c9400000, 0x00000000c9400000| Untracked 
| 149|0x00000000c9500000, 0x00000000c9500000, 0x00000000c9600000|  0%| F|  |TAMS 0x00000000c9500000, 0x00000000c9500000| Untracked 
| 150|0x00000000c9600000, 0x00000000c9600000, 0x00000000c9700000|  0%| F|  |TAMS 0x00000000c9600000, 0x00000000c9600000| Untracked 
| 151|0x00000000c9700000, 0x00000000c9700000, 0x00000000c9800000|  0%| F|  |TAMS 0x00000000c9700000, 0x00000000c9700000| Untracked 
| 152|0x00000000c9800000, 0x00000000c9800000, 0x00000000c9900000|  0%| F|  |TAMS 0x00000000c9800000, 0x00000000c9800000| Untracked 
| 153|0x00000000c9900000, 0x00000000c9900000, 0x00000000c9a00000|  0%| F|  |TAMS 0x00000000c9900000, 0x00000000c9900000| Untracked 
| 154|0x00000000c9a00000, 0x00000000c9a00000, 0x00000000c9b00000|  0%| F|  |TAMS 0x00000000c9a00000, 0x00000000c9a00000| Untracked 
| 155|0x00000000c9b00000, 0x00000000c9b00000, 0x00000000c9c00000|  0%| F|  |TAMS 0x00000000c9b00000, 0x00000000c9b00000| Untracked 
| 156|0x00000000c9c00000, 0x00000000c9c00000, 0x00000000c9d00000|  0%| F|  |TAMS 0x00000000c9c00000, 0x00000000c9c00000| Untracked 
| 157|0x00000000c9d00000, 0x00000000c9d00000, 0x00000000c9e00000|  0%| F|  |TAMS 0x00000000c9d00000, 0x00000000c9d00000| Untracked 
| 158|0x00000000c9e00000, 0x00000000c9e00000, 0x00000000c9f00000|  0%| F|  |TAMS 0x00000000c9e00000, 0x00000000c9e00000| Untracked 
| 159|0x00000000c9f00000, 0x00000000c9f00000, 0x00000000ca000000|  0%| F|  |TAMS 0x00000000c9f00000, 0x00000000c9f00000| Untracked 
| 160|0x00000000ca000000, 0x00000000ca000000, 0x00000000ca100000|  0%| F|  |TAMS 0x00000000ca000000, 0x00000000ca000000| Untracked 
| 161|0x00000000ca100000, 0x00000000ca100000, 0x00000000ca200000|  0%| F|  |TAMS 0x00000000ca100000, 0x00000000ca100000| Untracked 
| 162|0x00000000ca200000, 0x00000000ca200000, 0x00000000ca300000|  0%| F|  |TAMS 0x00000000ca200000, 0x00000000ca200000| Untracked 
| 163|0x00000000ca300000, 0x00000000ca300000, 0x00000000ca400000|  0%| F|  |TAMS 0x00000000ca300000, 0x00000000ca300000| Untracked 
| 164|0x00000000ca400000, 0x00000000ca400000, 0x00000000ca500000|  0%| F|  |TAMS 0x00000000ca400000, 0x00000000ca400000| Untracked 
| 165|0x00000000ca500000, 0x00000000ca500000, 0x00000000ca600000|  0%| F|  |TAMS 0x00000000ca500000, 0x00000000ca500000| Untracked 
| 166|0x00000000ca600000, 0x00000000ca600000, 0x00000000ca700000|  0%| F|  |TAMS 0x00000000ca600000, 0x00000000ca600000| Untracked 
| 167|0x00000000ca700000, 0x00000000ca700000, 0x00000000ca800000|  0%| F|  |TAMS 0x00000000ca700000, 0x00000000ca700000| Untracked 
| 168|0x00000000ca800000, 0x00000000ca800000, 0x00000000ca900000|  0%| F|  |TAMS 0x00000000ca800000, 0x00000000ca800000| Untracked 
| 169|0x00000000ca900000, 0x00000000ca900000, 0x00000000caa00000|  0%| F|  |TAMS 0x00000000ca900000, 0x00000000ca900000| Untracked 
| 170|0x00000000caa00000, 0x00000000caa00000, 0x00000000cab00000|  0%| F|  |TAMS 0x00000000caa00000, 0x00000000caa00000| Untracked 
| 171|0x00000000cab00000, 0x00000000cab00000, 0x00000000cac00000|  0%| F|  |TAMS 0x00000000cab00000, 0x00000000cab00000| Untracked 
| 172|0x00000000cac00000, 0x00000000cac00000, 0x00000000cad00000|  0%| F|  |TAMS 0x00000000cac00000, 0x00000000cac00000| Untracked 
| 173|0x00000000cad00000, 0x00000000cad00000, 0x00000000cae00000|  0%| F|  |TAMS 0x00000000cad00000, 0x00000000cad00000| Untracked 
| 174|0x00000000cae00000, 0x00000000cae00000, 0x00000000caf00000|  0%| F|  |TAMS 0x00000000cae00000, 0x00000000cae00000| Untracked 
| 175|0x00000000caf00000, 0x00000000caf00000, 0x00000000cb000000|  0%| F|  |TAMS 0x00000000caf00000, 0x00000000caf00000| Untracked 
| 176|0x00000000cb000000, 0x00000000cb000000, 0x00000000cb100000|  0%| F|  |TAMS 0x00000000cb000000, 0x00000000cb000000| Untracked 
| 177|0x00000000cb100000, 0x00000000cb100000, 0x00000000cb200000|  0%| F|  |TAMS 0x00000000cb100000, 0x00000000cb100000| Untracked 
| 178|0x00000000cb200000, 0x00000000cb200000, 0x00000000cb300000|  0%| F|  |TAMS 0x00000000cb200000, 0x00000000cb200000| Untracked 
| 179|0x00000000cb300000, 0x00000000cb300000, 0x00000000cb400000|  0%| F|  |TAMS 0x00000000cb300000, 0x00000000cb300000| Untracked 
| 180|0x00000000cb400000, 0x00000000cb400000, 0x00000000cb500000|  0%| F|  |TAMS 0x00000000cb400000, 0x00000000cb400000| Untracked 
| 181|0x00000000cb500000, 0x00000000cb500000, 0x00000000cb600000|  0%| F|  |TAMS 0x00000000cb500000, 0x00000000cb500000| Untracked 
| 182|0x00000000cb600000, 0x00000000cb600000, 0x00000000cb700000|  0%| F|  |TAMS 0x00000000cb600000, 0x00000000cb600000| Untracked 
| 183|0x00000000cb700000, 0x00000000cb700000, 0x00000000cb800000|  0%| F|  |TAMS 0x00000000cb700000, 0x00000000cb700000| Untracked 
| 184|0x00000000cb800000, 0x00000000cb800000, 0x00000000cb900000|  0%| F|  |TAMS 0x00000000cb800000, 0x00000000cb800000| Untracked 
| 185|0x00000000cb900000, 0x00000000cb900000, 0x00000000cba00000|  0%| F|  |TAMS 0x00000000cb900000, 0x00000000cb900000| Untracked 
| 186|0x00000000cba00000, 0x00000000cba00000, 0x00000000cbb00000|  0%| F|  |TAMS 0x00000000cba00000, 0x00000000cba00000| Untracked 
| 187|0x00000000cbb00000, 0x00000000cbb00000, 0x00000000cbc00000|  0%| F|  |TAMS 0x00000000cbb00000, 0x00000000cbb00000| Untracked 
| 188|0x00000000cbc00000, 0x00000000cbc00000, 0x00000000cbd00000|  0%| F|  |TAMS 0x00000000cbc00000, 0x00000000cbc00000| Untracked 
| 189|0x00000000cbd00000, 0x00000000cbd00000, 0x00000000cbe00000|  0%| F|  |TAMS 0x00000000cbd00000, 0x00000000cbd00000| Untracked 
| 190|0x00000000cbe00000, 0x00000000cbe00000, 0x00000000cbf00000|  0%| F|  |TAMS 0x00000000cbe00000, 0x00000000cbe00000| Untracked 
| 191|0x00000000cbf00000, 0x00000000cbf00000, 0x00000000cc000000|  0%| F|  |TAMS 0x00000000cbf00000, 0x00000000cbf00000| Untracked 
| 192|0x00000000cc000000, 0x00000000cc000000, 0x00000000cc100000|  0%| F|  |TAMS 0x00000000cc000000, 0x00000000cc000000| Untracked 
| 193|0x00000000cc100000, 0x00000000cc100000, 0x00000000cc200000|  0%| F|  |TAMS 0x00000000cc100000, 0x00000000cc100000| Untracked 
| 194|0x00000000cc200000, 0x00000000cc200000, 0x00000000cc300000|  0%| F|  |TAMS 0x00000000cc200000, 0x00000000cc200000| Untracked 
| 195|0x00000000cc300000, 0x00000000cc300000, 0x00000000cc400000|  0%| F|  |TAMS 0x00000000cc300000, 0x00000000cc300000| Untracked 
| 196|0x00000000cc400000, 0x00000000cc400000, 0x00000000cc500000|  0%| F|  |TAMS 0x00000000cc400000, 0x00000000cc400000| Untracked 
| 197|0x00000000cc500000, 0x00000000cc500000, 0x00000000cc600000|  0%| F|  |TAMS 0x00000000cc500000, 0x00000000cc500000| Untracked 
| 198|0x00000000cc600000, 0x00000000cc600000, 0x00000000cc700000|  0%| F|  |TAMS 0x00000000cc600000, 0x00000000cc600000| Untracked 
| 199|0x00000000cc700000, 0x00000000cc700000, 0x00000000cc800000|  0%| F|  |TAMS 0x00000000cc700000, 0x00000000cc700000| Untracked 
| 200|0x00000000cc800000, 0x00000000cc800000, 0x00000000cc900000|  0%| F|  |TAMS 0x00000000cc800000, 0x00000000cc800000| Untracked 
| 201|0x00000000cc900000, 0x00000000cc900000, 0x00000000cca00000|  0%| F|  |TAMS 0x00000000cc900000, 0x00000000cc900000| Untracked 
| 202|0x00000000cca00000, 0x00000000cca00000, 0x00000000ccb00000|  0%| F|  |TAMS 0x00000000cca00000, 0x00000000cca00000| Untracked 
| 203|0x00000000ccb00000, 0x00000000ccb00000, 0x00000000ccc00000|  0%| F|  |TAMS 0x00000000ccb00000, 0x00000000ccb00000| Untracked 
| 204|0x00000000ccc00000, 0x00000000ccc00000, 0x00000000ccd00000|  0%| F|  |TAMS 0x00000000ccc00000, 0x00000000ccc00000| Untracked 
| 205|0x00000000ccd00000, 0x00000000ccd00000, 0x00000000cce00000|  0%| F|  |TAMS 0x00000000ccd00000, 0x00000000ccd00000| Untracked 
| 206|0x00000000cce00000, 0x00000000cce00000, 0x00000000ccf00000|  0%| F|  |TAMS 0x00000000cce00000, 0x00000000cce00000| Untracked 
| 207|0x00000000ccf00000, 0x00000000ccf00000, 0x00000000cd000000|  0%| F|  |TAMS 0x00000000ccf00000, 0x00000000ccf00000| Untracked 
| 208|0x00000000cd000000, 0x00000000cd000000, 0x00000000cd100000|  0%| F|  |TAMS 0x00000000cd000000, 0x00000000cd000000| Untracked 
| 209|0x00000000cd100000, 0x00000000cd100000, 0x00000000cd200000|  0%| F|  |TAMS 0x00000000cd100000, 0x00000000cd100000| Untracked 
| 210|0x00000000cd200000, 0x00000000cd200000, 0x00000000cd300000|  0%| F|  |TAMS 0x00000000cd200000, 0x00000000cd200000| Untracked 
| 211|0x00000000cd300000, 0x00000000cd300000, 0x00000000cd400000|  0%| F|  |TAMS 0x00000000cd300000, 0x00000000cd300000| Untracked 
| 212|0x00000000cd400000, 0x00000000cd400000, 0x00000000cd500000|  0%| F|  |TAMS 0x00000000cd400000, 0x00000000cd400000| Untracked 
| 213|0x00000000cd500000, 0x00000000cd500000, 0x00000000cd600000|  0%| F|  |TAMS 0x00000000cd500000, 0x00000000cd500000| Untracked 
| 214|0x00000000cd600000, 0x00000000cd600000, 0x00000000cd700000|  0%| F|  |TAMS 0x00000000cd600000, 0x00000000cd600000| Untracked 
| 215|0x00000000cd700000, 0x00000000cd700000, 0x00000000cd800000|  0%| F|  |TAMS 0x00000000cd700000, 0x00000000cd700000| Untracked 
| 216|0x00000000cd800000, 0x00000000cd800000, 0x00000000cd900000|  0%| F|  |TAMS 0x00000000cd800000, 0x00000000cd800000| Untracked 
| 217|0x00000000cd900000, 0x00000000cd900000, 0x00000000cda00000|  0%| F|  |TAMS 0x00000000cd900000, 0x00000000cd900000| Untracked 
| 218|0x00000000cda00000, 0x00000000cda00000, 0x00000000cdb00000|  0%| F|  |TAMS 0x00000000cda00000, 0x00000000cda00000| Untracked 
| 219|0x00000000cdb00000, 0x00000000cdb00000, 0x00000000cdc00000|  0%| F|  |TAMS 0x00000000cdb00000, 0x00000000cdb00000| Untracked 
| 220|0x00000000cdc00000, 0x00000000cdc00000, 0x00000000cdd00000|  0%| F|  |TAMS 0x00000000cdc00000, 0x00000000cdc00000| Untracked 
| 221|0x00000000cdd00000, 0x00000000cdd00000, 0x00000000cde00000|  0%| F|  |TAMS 0x00000000cdd00000, 0x00000000cdd00000| Untracked 
| 222|0x00000000cde00000, 0x00000000cde00000, 0x00000000cdf00000|  0%| F|  |TAMS 0x00000000cde00000, 0x00000000cde00000| Untracked 
| 223|0x00000000cdf00000, 0x00000000cdf00000, 0x00000000ce000000|  0%| F|  |TAMS 0x00000000cdf00000, 0x00000000cdf00000| Untracked 
| 224|0x00000000ce000000, 0x00000000ce000000, 0x00000000ce100000|  0%| F|  |TAMS 0x00000000ce000000, 0x00000000ce000000| Untracked 
| 225|0x00000000ce100000, 0x00000000ce100000, 0x00000000ce200000|  0%| F|  |TAMS 0x00000000ce100000, 0x00000000ce100000| Untracked 
| 226|0x00000000ce200000, 0x00000000ce200000, 0x00000000ce300000|  0%| F|  |TAMS 0x00000000ce200000, 0x00000000ce200000| Untracked 
| 227|0x00000000ce300000, 0x00000000ce400000, 0x00000000ce400000|100%| E|  |TAMS 0x00000000ce300000, 0x00000000ce300000| Complete 
| 228|0x00000000ce400000, 0x00000000ce500000, 0x00000000ce500000|100%| E|CS|TAMS 0x00000000ce400000, 0x00000000ce400000| Complete 
| 229|0x00000000ce500000, 0x00000000ce600000, 0x00000000ce600000|100%| E|CS|TAMS 0x00000000ce500000, 0x00000000ce500000| Complete 
| 230|0x00000000ce600000, 0x00000000ce61ba00, 0x00000000ce700000| 10%| S|CS|TAMS 0x00000000ce600000, 0x00000000ce600000| Complete 
| 231|0x00000000ce700000, 0x00000000ce800000, 0x00000000ce800000|100%| S|CS|TAMS 0x00000000ce700000, 0x00000000ce700000| Complete 
| 232|0x00000000ce800000, 0x00000000ce900000, 0x00000000ce900000|100%| S|CS|TAMS 0x00000000ce800000, 0x00000000ce800000| Complete 
| 233|0x00000000ce900000, 0x00000000cea00000, 0x00000000cea00000|100%| S|CS|TAMS 0x00000000ce900000, 0x00000000ce900000| Complete 
| 234|0x00000000cea00000, 0x00000000ceb00000, 0x00000000ceb00000|100%| S|CS|TAMS 0x00000000cea00000, 0x00000000cea00000| Complete 
| 235|0x00000000ceb00000, 0x00000000cec00000, 0x00000000cec00000|100%| S|CS|TAMS 0x00000000ceb00000, 0x00000000ceb00000| Complete 
| 236|0x00000000cec00000, 0x00000000ced00000, 0x00000000ced00000|100%| S|CS|TAMS 0x00000000cec00000, 0x00000000cec00000| Complete 
| 237|0x00000000ced00000, 0x00000000cee00000, 0x00000000cee00000|100%| S|CS|TAMS 0x00000000ced00000, 0x00000000ced00000| Complete 
| 238|0x00000000cee00000, 0x00000000cef00000, 0x00000000cef00000|100%| E|CS|TAMS 0x00000000cee00000, 0x00000000cee00000| Complete 
| 239|0x00000000cef00000, 0x00000000cf000000, 0x00000000cf000000|100%| E|CS|TAMS 0x00000000cef00000, 0x00000000cef00000| Complete 
| 240|0x00000000cf000000, 0x00000000cf100000, 0x00000000cf100000|100%| E|CS|TAMS 0x00000000cf000000, 0x00000000cf000000| Complete 
| 241|0x00000000cf100000, 0x00000000cf200000, 0x00000000cf200000|100%| E|CS|TAMS 0x00000000cf100000, 0x00000000cf100000| Complete 
| 242|0x00000000cf200000, 0x00000000cf300000, 0x00000000cf300000|100%| E|CS|TAMS 0x00000000cf200000, 0x00000000cf200000| Complete 
| 243|0x00000000cf300000, 0x00000000cf400000, 0x00000000cf400000|100%| E|CS|TAMS 0x00000000cf300000, 0x00000000cf300000| Complete 
| 244|0x00000000cf400000, 0x00000000cf500000, 0x00000000cf500000|100%| E|CS|TAMS 0x00000000cf400000, 0x00000000cf400000| Complete 
| 245|0x00000000cf500000, 0x00000000cf600000, 0x00000000cf600000|100%| E|CS|TAMS 0x00000000cf500000, 0x00000000cf500000| Complete 
| 246|0x00000000cf600000, 0x00000000cf700000, 0x00000000cf700000|100%| E|CS|TAMS 0x00000000cf600000, 0x00000000cf600000| Complete 
| 247|0x00000000cf700000, 0x00000000cf800000, 0x00000000cf800000|100%| E|CS|TAMS 0x00000000cf700000, 0x00000000cf700000| Complete 
| 248|0x00000000cf800000, 0x00000000cf900000, 0x00000000cf900000|100%| E|CS|TAMS 0x00000000cf800000, 0x00000000cf800000| Complete 
| 249|0x00000000cf900000, 0x00000000cfa00000, 0x00000000cfa00000|100%| E|CS|TAMS 0x00000000cf900000, 0x00000000cf900000| Complete 
| 250|0x00000000cfa00000, 0x00000000cfb00000, 0x00000000cfb00000|100%| E|CS|TAMS 0x00000000cfa00000, 0x00000000cfa00000| Complete 
| 251|0x00000000cfb00000, 0x00000000cfc00000, 0x00000000cfc00000|100%| E|CS|TAMS 0x00000000cfb00000, 0x00000000cfb00000| Complete 

Card table byte_map: [0x000001bea02f0000,0x000001bea04f0000] _byte_map_base: 0x000001be9fcf0000

Marking Bits (Prev, Next): (CMBitMap*) 0x000001be88fc3908, (CMBitMap*) 0x000001be88fc3940
 Prev Bits: [0x000001bea06f0000, 0x000001bea16f0000)
 Next Bits: [0x000001bea16f0000, 0x000001bea26f0000)

Polling page: 0x000001be86eb0000

Metaspace:

Usage:
  Non-class:     31.70 MB capacity,    31.14 MB ( 98%) used,   442.12 KB (  1%) free+waste,   125.56 KB ( <1%) overhead. 
      Class:      5.35 MB capacity,     4.81 MB ( 90%) used,   487.25 KB (  9%) free+waste,    69.31 KB (  1%) overhead. 
       Both:     37.05 MB capacity,    35.95 MB ( 97%) used,   929.38 KB (  2%) free+waste,   194.88 KB ( <1%) overhead. 

Virtual space:
  Non-class space:       32.00 MB reserved,      31.92 MB (>99%) committed 
      Class space:        1.00 GB reserved,       5.38 MB ( <1%) committed 
             Both:        1.03 GB reserved,      37.30 MB (  4%) committed 

Chunk freelists:
   Non-Class:  4.62 KB
       Class:  3.00 KB
        Both:  7.62 KB

CodeHeap 'non-profiled nmethods': size=119168Kb used=1057Kb max_used=1057Kb free=118110Kb
 bounds [0x000001be981f0000, 0x000001be98460000, 0x000001be9f650000]
CodeHeap 'profiled nmethods': size=119168Kb used=5155Kb max_used=5155Kb free=114012Kb
 bounds [0x000001be90d90000, 0x000001be912a0000, 0x000001be981f0000]
CodeHeap 'non-nmethods': size=7424Kb used=2902Kb max_used=2911Kb free=4521Kb
 bounds [0x000001be90650000, 0x000001be90930000, 0x000001be90d90000]
 total_blobs=3156 nmethods=2565 adapters=499
 compilation: enabled
              stopped_count=0, restarted_count=0
 full_count=0

Compilation events (10 events):
Event: 6.855 Thread 0x000001bea62e5000 2541       3       java.util.HashSet::contains (9 bytes)
Event: 6.855 Thread 0x000001bea62e5000 nmethod 2541 0x000001be91284990 code [0x000001be91284b40, 0x000001be91284d08]
Event: 6.855 Thread 0x000001bea61e8000 2542       3       java.util.HashMap::isEmpty (13 bytes)
Event: 6.855 Thread 0x000001bea711b800 2543       3       java.util.ArrayDeque::<init> (14 bytes)
Event: 6.855 Thread 0x000001bea61e8000 nmethod 2542 0x000001be91284e10 code [0x000001be91284fa0, 0x000001be912850f8]
Event: 6.855 Thread 0x000001bea711b800 nmethod 2543 0x000001be91285190 code [0x000001be91285340, 0x000001be912855f8]
Event: 6.855 Thread 0x000001bea699f000 2544       1       java.lang.Thread::getThreadGroup (5 bytes)
Event: 6.855 Thread 0x000001bea699f000 nmethod 2544 0x000001be982f7990 code [0x000001be982f7b20, 0x000001be982f7bd8]
Event: 6.856 Thread 0x000001bea62e5000 2545       3       java.util.concurrent.locks.AbstractQueuedSynchronizer::acquire (27 bytes)
Event: 6.856 Thread 0x000001bea62e5000 nmethod 2545 0x000001be91285710 code [0x000001be912858e0, 0x000001be91285cb8]

GC Heap History (10 events):
Event: 0.210 GC heap before
{Heap before GC invocations=0 (full 0):
 garbage-first heap   total 258048K, used 26624K [0x00000000c0000000, 0x0000000100000000)
  region size 1024K, 24 young (24576K), 0 survivors (0K)
 Metaspace       used 6904K, capacity 7012K, committed 7296K, reserved 1056768K
  class space    used 563K, capacity 592K, committed 640K, reserved 1048576K
}
Event: 0.214 GC heap after
{Heap after GC invocations=1 (full 0):
 garbage-first heap   total 258048K, used 15634K [0x00000000c0000000, 0x0000000100000000)
  region size 1024K, 3 young (3072K), 3 survivors (3072K)
 Metaspace       used 6904K, capacity 7012K, committed 7296K, reserved 1056768K
  class space    used 563K, capacity 592K, committed 640K, reserved 1048576K
}
Event: 0.417 GC heap before
{Heap before GC invocations=1 (full 0):
 garbage-first heap   total 258048K, used 36114K [0x00000000c0000000, 0x0000000100000000)
  region size 1024K, 23 young (23552K), 3 survivors (3072K)
 Metaspace       used 12901K, capacity 13089K, committed 13440K, reserved 1060864K
  class space    used 1498K, capacity 1540K, committed 1664K, reserved 1048576K
}
Event: 0.419 GC heap after
{Heap after GC invocations=2 (full 0):
 garbage-first heap   total 258048K, used 17933K [0x00000000c0000000, 0x0000000100000000)
  region size 1024K, 3 young (3072K), 3 survivors (3072K)
 Metaspace       used 12901K, capacity 13089K, committed 13440K, reserved 1060864K
  class space    used 1498K, capacity 1540K, committed 1664K, reserved 1048576K
}
Event: 5.821 GC heap before
{Heap before GC invocations=2 (full 0):
 garbage-first heap   total 258048K, used 51725K [0x00000000c0000000, 0x0000000100000000)
  region size 1024K, 37 young (37888K), 3 survivors (3072K)
 Metaspace       used 20658K, capacity 21123K, committed 21296K, reserved 1067008K
  class space    used 2642K, capacity 2838K, committed 2944K, reserved 1048576K
}
Event: 5.824 GC heap after
{Heap after GC invocations=3 (full 0):
 garbage-first heap   total 258048K, used 19553K [0x00000000c0000000, 0x0000000100000000)
  region size 1024K, 4 young (4096K), 4 survivors (4096K)
 Metaspace       used 20658K, capacity 21123K, committed 21296K, reserved 1067008K
  class space    used 2642K, capacity 2838K, committed 2944K, reserved 1048576K
}
Event: 6.652 GC heap before
{Heap before GC invocations=4 (full 0):
 garbage-first heap   total 258048K, used 101473K [0x00000000c0000000, 0x0000000100000000)
  region size 1024K, 84 young (86016K), 4 survivors (4096K)
 Metaspace       used 32075K, capacity 32972K, committed 33072K, reserved 1077248K
  class space    used 4255K, capacity 4697K, committed 4736K, reserved 1048576K
}
Event: 6.656 GC heap after
{Heap after GC invocations=5 (full 0):
 garbage-first heap   total 258048K, used 22456K [0x00000000c0000000, 0x0000000100000000)
  region size 1024K, 7 young (7168K), 7 survivors (7168K)
 Metaspace       used 32075K, capacity 32972K, committed 33072K, reserved 1077248K
  class space    used 4255K, capacity 4697K, committed 4736K, reserved 1048576K
}
Event: 6.758 GC heap before
{Heap before GC invocations=5 (full 0):
 garbage-first heap   total 258048K, used 35768K [0x00000000c0000000, 0x0000000100000000)
  region size 1024K, 21 young (21504K), 7 survivors (7168K)
 Metaspace       used 34763K, capacity 35743K, committed 35888K, reserved 1079296K
  class space    used 4651K, capacity 5132K, committed 5248K, reserved 1048576K
}
Event: 6.761 GC heap after
{Heap after GC invocations=6 (full 0):
 garbage-first heap   total 258048K, used 22886K [0x00000000c0000000, 0x0000000100000000)
  region size 1024K, 8 young (8192K), 8 survivors (8192K)
 Metaspace       used 34763K, capacity 35743K, committed 35888K, reserved 1079296K
  class space    used 4651K, capacity 5132K, committed 5248K, reserved 1048576K
}

Deoptimization events (10 events):
Event: 5.938 Thread 0x000001be88f98000 Uncommon trap: reason=unstable_if action=reinterpret pc=0x000001be9828b408 method=java.lang.AbstractStringBuilder.appendChars([CII)V @ 43 c2
Event: 6.071 Thread 0x000001bea9299800 Uncommon trap: reason=unstable_if action=reinterpret pc=0x000001be982c8fe0 method=java.lang.ThreadLocal.get()Ljava/lang/Object; @ 11 c2
Event: 6.119 Thread 0x000001bea9299800 Uncommon trap: reason=unstable_if action=reinterpret pc=0x000001be98275174 method=jdk.internal.org.objectweb.asm.Type.getArgumentsAndReturnSizes(Ljava/lang/String;)I @ 41 c2
Event: 6.226 Thread 0x000001bea9299800 Uncommon trap: reason=speculate_null_assert action=make_not_entrant pc=0x000001be9828a028 method=jdk.internal.loader.URLClassPath$JarLoader.getResource(Ljava/lang/String;ZLjava/util/Set;)Ljdk/internal/loader/Resource; @ 17 c2
Event: 6.624 Thread 0x000001bea9299800 Uncommon trap: reason=unstable_if action=reinterpret pc=0x000001be982dcf3c method=jdk.internal.org.objectweb.asm.Type.getArgumentsAndReturnSizes(Ljava/lang/String;)I @ 47 c2
Event: 6.656 Thread 0x000001bea75f2800 Uncommon trap: reason=unstable_if action=reinterpret pc=0x000001be982732f4 method=java.util.concurrent.ConcurrentHashMap.get(Ljava/lang/Object;)Ljava/lang/Object; @ 152 c2
Event: 6.656 Thread 0x000001bea75f2800 Uncommon trap: reason=class_check action=maybe_recompile pc=0x000001be982b645c method=java.util.concurrent.ConcurrentHashMap.putVal(Ljava/lang/Object;Ljava/lang/Object;Z)Ljava/lang/Object; @ 159 c2
Event: 6.733 Thread 0x000001bea9299800 Uncommon trap: reason=unstable_if action=reinterpret pc=0x000001be982d3f1c method=java.nio.Buffer.position(I)Ljava/nio/Buffer; @ 37 c2
Event: 6.757 Thread 0x000001bea9299800 Uncommon trap: reason=unstable_if action=reinterpret pc=0x000001be9826abf4 method=java.util.HashMap.hash(Ljava/lang/Object;)I @ 1 c2
Event: 6.757 Thread 0x000001bea9299800 Uncommon trap: reason=unstable_if action=reinterpret pc=0x000001be9825392c method=java.util.HashMap.hash(Ljava/lang/Object;)I @ 1 c2

Classes redefined (0 events):
No events

Internal exceptions (10 events):
Event: 6.625 Thread 0x000001bea9299800 Exception <a 'java/lang/NoSuchMethodError'{0x00000000cad17ab0}: java.lang.invoke.DirectMethodHandle$Holder.invokeStatic(Ljava/lang/Object;J)Ljava/lang/Object;> (0x00000000cad17ab0) thrown at [./open/src/hotspot/share/interpreter/linkResolver.cpp, line 772
Event: 6.625 Thread 0x000001bea9299800 Exception <a 'java/lang/NoSuchMethodError'{0x00000000cad1b188}: java.lang.invoke.DirectMethodHandle$Holder.invokeSpecial(Ljava/lang/Object;Ljava/lang/Object;J)Ljava/lang/Object;> (0x00000000cad1b188) thrown at [./open/src/hotspot/share/interpreter/linkRes
Event: 6.651 Thread 0x000001bea9299800 Exception <a 'java/lang/NoSuchMethodError'{0x00000000ca8ca558}: java.lang.invoke.DirectMethodHandle$Holder.invokeStaticInit(Ljava/lang/Object;Ljava/lang/Object;Ljava/lang/Object;Ljava/lang/Object;)Ljava/lang/Object;> (0x00000000ca8ca558) thrown at [./open
Event: 6.720 Thread 0x000001bea9299800 Exception <a 'java/lang/NoSuchMethodError'{0x00000000cf307908}: java.lang.invoke.Invokers$Holder.linkToTargetMethod(Ljava/lang/Object;Ljava/lang/Object;IIILjava/lang/Object;Ljava/lang/Object;)Ljava/lang/Object;> (0x00000000cf307908) thrown at [./open/src/
Event: 6.757 Thread 0x000001bea9299800 Implicit null exception at 0x000001be9826ab58 to 0x000001be9826abea
Event: 6.757 Thread 0x000001bea9299800 Implicit null exception at 0x000001be982538af to 0x000001be9825391d
Event: 6.823 Thread 0x000001bea9299800 Exception <a 'java/lang/NoSuchMethodError'{0x00000000cf4dcbf0}: java.lang.invoke.DirectMethodHandle$Holder.invokeInterface(Ljava/lang/Object;Ljava/lang/Object;)I> (0x00000000cf4dcbf0) thrown at [./open/src/hotspot/share/interpreter/linkResolver.cpp, line 
Event: 6.845 Thread 0x000001bea9299800 Exception <a 'java/net/BindException'{0x00000000cef1a468}: Address already in use: bind> (0x00000000cef1a468) thrown at [./open/src/hotspot/share/prims/jni.cpp, line 632]
Event: 6.849 Thread 0x000001bea9299800 Exception <a 'java/lang/NoSuchMethodError'{0x00000000cefa9250}: java.lang.invoke.DirectMethodHandle$Holder.invokeStatic(Ljava/lang/Object;JJ)J> (0x00000000cefa9250) thrown at [./open/src/hotspot/share/interpreter/linkResolver.cpp, line 772]
Event: 6.851 Thread 0x000001bea9299800 Exception <a 'java/lang/NoSuchMethodError'{0x00000000cefecf30}: java.lang.invoke.DirectMethodHandle$Holder.invokeInterface(Ljava/lang/Object;Ljava/lang/Object;)V> (0x00000000cefecf30) thrown at [./open/src/hotspot/share/interpreter/linkResolver.cpp, line 

Events (10 events):
Event: 6.855 Thread 0x000001bea7bdc800 Thread added: 0x000001bea7bdc800
Event: 6.856 Executing VM operation: RevokeBias
Event: 6.856 Executing VM operation: RevokeBias done
Event: 6.856 Thread 0x000001bea7be1800 Thread added: 0x000001bea7be1800
Event: 6.856 Executing VM operation: RevokeBias
Event: 6.856 Executing VM operation: RevokeBias done
Event: 6.856 loading class org/sparkproject/jetty/server/AbstractConnector$Acceptor
Event: 6.856 loading class org/sparkproject/jetty/server/AbstractConnector$Acceptor done
Event: 6.857 Thread 0x000001bea7be3800 Thread added: 0x000001bea7be3800
Event: 6.857 Thread 0x000001bea7be3000 Thread added: 0x000001bea7be3000


Dynamic libraries:
0x00007ff7b48a0000 - 0x00007ff7b48b0000 	D:\jdk11\bin\java.exe
0x00007fff0d9f0000 - 0x00007fff0dc04000 	C:\Windows\SYSTEM32\ntdll.dll
0x00007fff0b960000 - 0x00007fff0ba22000 	C:\Windows\System32\KERNEL32.DLL
0x00007fff0ae70000 - 0x00007fff0b213000 	C:\Windows\System32\KERNELBASE.dll
0x00007fff0b520000 - 0x00007fff0b631000 	C:\Windows\System32\ucrtbase.dll
0x00007ffeb7030000 - 0x00007ffeb7048000 	D:\jdk11\bin\jli.dll
0x00007fff0ba30000 - 0x00007fff0bade000 	C:\Windows\System32\ADVAPI32.dll
0x00007ffeb2b30000 - 0x00007ffeb2b4b000 	D:\jdk11\bin\VCRUNTIME140.dll
0x00007fff0b850000 - 0x00007fff0b8f7000 	C:\Windows\System32\msvcrt.dll
0x00007fff0d060000 - 0x00007fff0d104000 	C:\Windows\System32\sechost.dll
0x00007fff0d190000 - 0x00007fff0d2a7000 	C:\Windows\System32\RPCRT4.dll
0x00007fff0cbf0000 - 0x00007fff0cd9a000 	C:\Windows\System32\USER32.dll
0x00007fff0b220000 - 0x00007fff0b246000 	C:\Windows\System32\win32u.dll
0x00007fff0d2b0000 - 0x00007fff0d2d9000 	C:\Windows\System32\GDI32.dll
0x00007ffeefec0000 - 0x00007ffef014e000 	C:\Windows\WinSxS\amd64_microsoft.windows.common-controls_6595b64144ccf1df_6.0.22621.1635_none_270f70857386168e\COMCTL32.dll
0x00007fff0b640000 - 0x00007fff0b759000 	C:\Windows\System32\gdi32full.dll
0x00007fff0b250000 - 0x00007fff0b2ea000 	C:\Windows\System32\msvcp_win.dll
0x00007fff00240000 - 0x00007fff0024a000 	C:\Windows\SYSTEM32\VERSION.dll
0x00007fff0b900000 - 0x00007fff0b931000 	C:\Windows\System32\IMM32.DLL
0x00007ffec9cc0000 - 0x00007ffec9ccc000 	D:\jdk11\bin\vcruntime140_1.dll
0x00007ffe82b20000 - 0x00007ffe82bae000 	D:\jdk11\bin\msvcp140.dll
0x00007ffe4f760000 - 0x00007ffe502c8000 	D:\jdk11\bin\server\jvm.dll
0x00007fff0d180000 - 0x00007fff0d188000 	C:\Windows\System32\PSAPI.DLL
0x00007ffee0dd0000 - 0x00007ffee0dd9000 	C:\Windows\SYSTEM32\WSOCK32.dll
0x00007fff00e70000 - 0x00007fff00ea4000 	C:\Windows\SYSTEM32\WINMM.dll
0x00007fff0b7d0000 - 0x00007fff0b841000 	C:\Windows\System32\WS2_32.dll
0x00007fff09e90000 - 0x00007fff09ea8000 	C:\Windows\SYSTEM32\kernel.appcore.dll
0x00007ffec63a0000 - 0x00007ffec63b0000 	D:\jdk11\bin\verify.dll
0x00007fff08870000 - 0x00007fff08a9e000 	C:\Windows\SYSTEM32\DBGHELP.DLL
0x00007fff0d450000 - 0x00007fff0d7d9000 	C:\Windows\System32\combase.dll
0x00007fff0d2e0000 - 0x00007fff0d3b7000 	C:\Windows\System32\OLEAUT32.dll
0x00007ffeeb370000 - 0x00007ffeeb3a2000 	C:\Windows\SYSTEM32\dbgcore.DLL
0x00007fff0adf0000 - 0x00007fff0ae6a000 	C:\Windows\System32\bcryptPrimitives.dll
0x00007ffe94640000 - 0x00007ffe94668000 	D:\jdk11\bin\java.dll
0x00007ffec49f0000 - 0x00007ffec49fa000 	D:\jdk11\bin\jimage.dll
0x00007ffeb2a80000 - 0x00007ffeb2a97000 	D:\jdk11\bin\zip.dll
0x00007fff0bcf0000 - 0x00007fff0c4e9000 	C:\Windows\System32\SHELL32.dll
0x00007fff08df0000 - 0x00007fff096be000 	C:\Windows\SYSTEM32\windows.storage.dll
0x00007fff08cb0000 - 0x00007fff08dee000 	C:\Windows\SYSTEM32\wintypes.dll
0x00007fff0c550000 - 0x00007fff0c641000 	C:\Windows\System32\SHCORE.dll
0x00007fff0bc80000 - 0x00007fff0bcde000 	C:\Windows\System32\shlwapi.dll
0x00007fff0ad20000 - 0x00007fff0ad46000 	C:\Windows\SYSTEM32\profapi.dll
0x00007ffe94620000 - 0x00007ffe94639000 	D:\jdk11\bin\net.dll
0x00007fff00d00000 - 0x00007fff00e37000 	C:\Windows\SYSTEM32\WINHTTP.dll
0x00007fff0a3a0000 - 0x00007fff0a409000 	C:\Windows\system32\mswsock.dll
0x00007ffe94600000 - 0x00007ffe94612000 	D:\jdk11\bin\nio.dll
0x00007ffeddd90000 - 0x00007ffeddda7000 	C:\Windows\system32\napinsp.dll
0x00007ffeddd50000 - 0x00007ffeddd6b000 	C:\Windows\system32\pnrpnsp.dll
0x00007fff09a00000 - 0x00007fff09af3000 	C:\Windows\SYSTEM32\DNSAPI.dll
0x00007fff09990000 - 0x00007fff099bd000 	C:\Windows\SYSTEM32\IPHLPAPI.DLL
0x00007fff0c540000 - 0x00007fff0c549000 	C:\Windows\System32\NSI.dll
0x00007ffeddd30000 - 0x00007ffeddd41000 	C:\Windows\System32\winrnr.dll
0x00007fff010e0000 - 0x00007fff010f5000 	C:\Windows\system32\wshbth.dll
0x00007ffeddd00000 - 0x00007ffeddd21000 	C:\Windows\system32\nlansp_c.dll
0x00007ffefecc0000 - 0x00007ffefecca000 	C:\Windows\System32\rasadhlp.dll
0x00007ffeff520000 - 0x00007ffeff5a4000 	C:\Windows\System32\fwpuclnt.dll
0x00007fff0a600000 - 0x00007fff0a61b000 	C:\Windows\SYSTEM32\CRYPTSP.dll
0x00007fff09eb0000 - 0x00007fff09ee5000 	C:\Windows\system32\rsaenh.dll
0x00007fff0a4a0000 - 0x00007fff0a4cc000 	C:\Windows\SYSTEM32\USERENV.dll
0x00007fff0a7c0000 - 0x00007fff0a7e8000 	C:\Windows\SYSTEM32\bcrypt.dll
0x00007fff0a620000 - 0x00007fff0a62c000 	C:\Windows\SYSTEM32\CRYPTBASE.dll
0x00007fff00eb0000 - 0x00007fff00ec9000 	C:\Windows\SYSTEM32\dhcpcsvc6.DLL
0x00007fff00a60000 - 0x00007fff00a7f000 	C:\Windows\SYSTEM32\dhcpcsvc.DLL
0x00007ffeb6ca0000 - 0x00007ffeb6ca9000 	D:\jdk11\bin\management.dll
0x00007ffeb6850000 - 0x00007ffeb685b000 	D:\jdk11\bin\management_ext.dll
0x00007ffeb4e90000 - 0x00007ffeb4e99000 	D:\jdk11\bin\jaas.dll

dbghelp: loaded successfully - version: 4.0.5 - missing functions: none
symbol engine: initialized successfully - sym options: 0x614 - pdb path: .;D:\jdk11\bin;C:\Windows\SYSTEM32;C:\Windows\WinSxS\amd64_microsoft.windows.common-controls_6595b64144ccf1df_6.0.22621.1635_none_270f70857386168e;D:\jdk11\bin\server

VM Arguments:
jvm_args: -Xmx1g 
java_command: org.apache.spark.deploy.SparkSubmit --conf spark.app.name=NetEaseClouder pyspark-shell
java_class_path (initial): D:\Anconda\envs\spark_gdal\Lib\site-packages\pyspark\bin\..\conf;D:\Anconda\envs\spark_gdal\Lib\site-packages\pyspark\bin\..\jars\accessors-smart-1.2.jar;D:\Anconda\envs\spark_gdal\Lib\site-packages\pyspark\bin\..\jars\activation-1.1.1.jar;D:\Anconda\envs\spark_gdal\Lib\site-packages\pyspark\bin\..\jars\aircompressor-0.10.jar;D:\Anconda\envs\spark_gdal\Lib\site-packages\pyspark\bin\..\jars\algebra_2.12-2.0.0-M2.jar;D:\Anconda\envs\spark_gdal\Lib\site-packages\pyspark\bin\..\jars\antlr-runtime-3.5.2.jar;D:\Anconda\envs\spark_gdal\Lib\site-packages\pyspark\bin\..\jars\antlr4-runtime-4.8-1.jar;D:\Anconda\envs\spark_gdal\Lib\site-packages\pyspark\bin\..\jars\aopalliance-1.0.jar;D:\Anconda\envs\spark_gdal\Lib\site-packages\pyspark\bin\..\jars\aopalliance-repackaged-2.6.1.jar;D:\Anconda\envs\spark_gdal\Lib\site-packages\pyspark\bin\..\jars\arpack_combined_all-0.1.jar;D:\Anconda\envs\spark_gdal\Lib\site-packages\pyspark\bin\..\jars\arrow-format-2.0.0.jar;D:\Anconda\envs\spark_gdal\Lib\site-packages\pyspark\bin\..\jars\arrow-memory-core-2.0.0.jar;D:\Anconda\envs\spark_gdal\Lib\site-packages\pyspark\bin\..\jars\arrow-memory-netty-2.0.0.jar;D:\Anconda\envs\spark_gdal\Lib\site-packages\pyspark\bin\..\jars\arrow-vector-2.0.0.jar;D:\Anconda\envs\spark_gdal\Lib\site-packages\pyspark\bin\..\jars\audience-annotations-0.5.0.jar;D:\Anconda\envs\spark_gdal\Lib\site-packages\pyspark\bin\..\jars\automaton-1.11-8.jar;D:\Anconda\envs\spark_gdal\Lib\site-packages\pyspark\bin\..\jars\avro-1.8.2.jar;D:\Anconda\envs\spark_gdal\Lib\site-packages\pyspark\bin\..\jars\avro-ipc-1.8.2.jar;D:\Anconda\envs\spark_gdal\Lib\site-packages\pyspark\bin\..\jars\avro-mapred-1.8.2-hadoop2.jar;D:\Anconda\envs\spark_gdal\Lib\site-packages\pyspark\bin\..\jars\bonecp-0.8.0.RELEASE.jar;D:\Anconda\envs\spark_gdal\Lib\site-packages\pyspark\bin\..\jars\breeze-macros_2.12-1.0.jar;D:\Anconda\envs\spark_gdal\Lib\site-packages\pyspark\bin\..\jars\breeze_2.12-1.0.jar;D:\Anconda\envs\spark_gdal
Launcher Type: SUN_STANDARD

[Global flags]
     intx CICompilerCount                          = 12                                        {product} {ergonomic}
     uint ConcGCThreads                            = 4                                         {product} {ergonomic}
     uint G1ConcRefinementThreads                  = 15                                        {product} {ergonomic}
   size_t G1HeapRegionSize                         = 1048576                                   {product} {ergonomic}
    uintx GCDrainStackTargetSize                   = 64                                        {product} {ergonomic}
   size_t InitialHeapSize                          = 264241152                                 {product} {ergonomic}
   size_t MarkStackSize                            = 4194304                                   {product} {ergonomic}
   size_t MaxHeapSize                              = 1073741824                                {product} {command line}
   size_t MaxNewSize                               = 643825664                                 {product} {ergonomic}
   size_t MinHeapDeltaBytes                        = 1048576                                   {product} {ergonomic}
    uintx NonNMethodCodeHeapSize                   = 7594288                                {pd product} {ergonomic}
    uintx NonProfiledCodeHeapSize                  = 122031976                              {pd product} {ergonomic}
    uintx ProfiledCodeHeapSize                     = 122031976                              {pd product} {ergonomic}
    uintx ReservedCodeCacheSize                    = 251658240                              {pd product} {ergonomic}
     bool SegmentedCodeCache                       = true                                      {product} {ergonomic}
     bool UseCompressedClassPointers               = true                                 {lp64_product} {ergonomic}
     bool UseCompressedOops                        = true                                 {lp64_product} {ergonomic}
     bool UseG1GC                                  = true                                      {product} {ergonomic}
     bool UseLargePagesIndividualAllocation        = false                                  {pd product} {ergonomic}

Logging:
Log output configuration:
 #0: stdout all=warning uptime,level,tags
 #1: stderr all=off uptime,level,tags

Environment Variables:
JAVA_HOME=D:\jdk11
PATH=D:\Anconda\envs\spark_gdal;D:\Anconda\envs\spark_gdal\Library\mingw-w64\bin;D:\Anconda\envs\spark_gdal\Library\usr\bin;D:\Anconda\envs\spark_gdal\Library\bin;D:\Anconda\envs\spark_gdal\Scripts;D:\Anconda\envs\spark_gdal\bin;D:\Anconda\condabin;D:\VM player\bin;C:\Program Files\Common Files\Oracle\Java\javapath;C:\Windows\system32;C:\Windows;C:\Windows\System32\Wbem;C:\Windows\System32\WindowsPowerShell\v1.0;C:\Windows\System32\OpenSSH;C:\Program Files (x86)\NVIDIA Corporation\PhysX\Common;C:\Program Files\NVIDIA Corporation\NVIDIA NvDLISR;D:\xfhp;D:\xshell;D:\Git 1\Git\cmd;D:\scala\bin;D:\apache-maven-3.8.4\bin;D:\jdk11\bin;C:\Users\Zhang\AppData\Local\Microsoft\WindowsApps;.;D:\jetbrains\IntelliJ IDEA 2023.1.2\bin;.;D:\jetbrains\PyCharm 2023.1.2\bin;.;D:\Anconda\Library\Bin
USERNAME=Zhang
OS=Windows_NT
PROCESSOR_IDENTIFIER=Intel64 Family 6 Model 191 Stepping 2, GenuineIntel



---------------  S Y S T E M  ---------------

OS: Windows 11 , 64 bit Build 22621 (10.0.22621.1928)

CPU:total 20 (initial active 20) (10 cores per cpu, 2 threads per core) family 6 model 191 stepping 2 microcode 0x28, cmov, cx8, fxsr, mmx, sse, sse2, sse3, ssse3, sse4.1, sse4.2, popcnt, avx, avx2, aes, clmul, erms, 3dnowpref, lzcnt, ht, tsc, tscinvbit, bmi1, bmi2, adx, sha, fma

Memory: 4k page, system-wide physical 16103M (438M free)
TotalPageFile size 46486M (AvailPageFile size 0M)
current process WorkingSet (physical memory assigned to process): 219M, peak: 219M
current process commit charge ("private bytes"): 431M, peak: 431M

vm_info: Java HotSpot(TM) 64-Bit Server VM (11.0.18+9-LTS-195) for windows-amd64 JRE (11.0.18+9-LTS-195), built on Dec  6 2022 15:50:58 by "mach5one" with MS VC++ 17.1 (VS2022)

END.
